<?xml version="1.0" encoding="UTF-8"?>
<!-- Generated by org.testng.reporters.JUnitXMLReporter -->
<testsuite hostname="JVZ2.local" name="Default test(failed)(failed)(failed)(failed)(failed)(failed)" tests="3" failures="0" timestamp="26 Feb 2012 03:15:29 GMT" time="0.494" errors="0">
  <testcase name="readTextWidgetValues" time="0.152" classname="com.google.sitebricks.compiler.HtmlTemplateCompilerTest"/>
  <testcase name="readHtmlWidget" time="0.0020" classname="com.google.sitebricks.compiler.HtmlTemplateCompilerTest"/>
  <testcase name="readHtmlWidgetWithChildren" time="0.0060" classname="com.google.sitebricks.compiler.HtmlTemplateCompilerTest"/>
</testsuite> <!-- Default test(failed)(failed)(failed)(failed)(failed)(failed) -->
