<?xml version="1.0" encoding="UTF-8"?>
<testng-results skipped="0" failed="0" total="311" passed="311">
  <reporter-output>
  </reporter-output>
  <suite name="Default suite" duration-ms="1732" started-at="2012-02-26T15:22:09Z" finished-at="2012-02-26T15:22:11Z">
    <groups>
    </groups>
    <test name="Default test" duration-ms="1732" started-at="2012-02-26T15:22:09Z" finished-at="2012-02-26T15:22:11Z">
      <class name="com.google.sitebricks.LocalizationTest">
        <test-method status="PASS" signature="setup()[pri:0, instance:com.google.sitebricks.LocalizationTest@28ab54eb]" name="setup" is-config="true" duration-ms="0" started-at="2012-02-26T15:22:10Z" finished-at="2012-02-26T15:22:10Z">
        </test-method> <!-- setup -->
        <test-method status="PASS" signature="parameterizedLocalizeBrokenTemplate()[pri:0, instance:com.google.sitebricks.LocalizationTest@28ab54eb]" name="parameterizedLocalizeBrokenTemplate" duration-ms="6" started-at="2012-02-26T15:22:10Z" finished-at="2012-02-26T15:22:10Z">
          <exception class="com.google.inject.CreationException">
            <message>
              <![CDATA[Guice creation errors:

1) Compile error in i18n message template: 
  (1,1) error in expression ${named}

  ...in: 
  at com.google.sitebricks.LocalizationTest$LocalizedBrokenTemplate.hello()

  at com.google.sitebricks.Localizer.check(Localizer.java:237)

1 error]]>
            </message>
            <full-stacktrace>
              <![CDATA[com.google.inject.CreationException: Guice creation errors:

1) Compile error in i18n message template: 
  (1,1) error in expression ${named}

  ...in: 
  at com.google.sitebricks.LocalizationTest$LocalizedBrokenTemplate.hello()

  at com.google.sitebricks.Localizer.check(Localizer.java:237)

1 error
	at com.google.inject.internal.Errors.throwCreationExceptionIfErrorsExist(Errors.java:435)
	at com.google.inject.internal.InternalInjectorCreator.initializeStatically(InternalInjectorCreator.java:154)
	at com.google.inject.internal.InternalInjectorCreator.build(InternalInjectorCreator.java:106)
	at com.google.inject.Guice.createInjector(Guice.java:95)
	at com.google.inject.Guice.createInjector(Guice.java:72)
	at com.google.inject.Guice.createInjector(Guice.java:62)
	at com.google.sitebricks.LocalizationTest.parameterizedLocalizeBrokenTemplate(LocalizationTest.java:145)
	at sun.reflect.NativeMethodAccessorImpl.invoke0(Native Method)
	at sun.reflect.NativeMethodAccessorImpl.invoke(NativeMethodAccessorImpl.java:39)
	at sun.reflect.DelegatingMethodAccessorImpl.invoke(DelegatingMethodAccessorImpl.java:25)
	at java.lang.reflect.Method.invoke(Method.java:597)
	at org.testng.internal.MethodInvocationHelper.invokeMethod(MethodInvocationHelper.java:80)
	at org.testng.internal.Invoker.invokeMethod(Invoker.java:701)
	at org.testng.internal.Invoker.invokeTestMethod(Invoker.java:893)
	at org.testng.internal.Invoker.invokeTestMethods(Invoker.java:1218)
	at org.testng.internal.TestMethodWorker.invokeTestMethods(TestMethodWorker.java:127)
	at org.testng.internal.TestMethodWorker.run(TestMethodWorker.java:111)
	at org.testng.TestRunner.privateRun(TestRunner.java:768)
	at org.testng.TestRunner.run(TestRunner.java:617)
	at org.testng.SuiteRunner.runTest(SuiteRunner.java:334)
	at org.testng.SuiteRunner.runSequentially(SuiteRunner.java:329)
	at org.testng.SuiteRunner.privateRun(SuiteRunner.java:291)
	at org.testng.SuiteRunner.run(SuiteRunner.java:240)
	at org.testng.SuiteRunnerWorker.runSuite(SuiteRunnerWorker.java:53)
	at org.testng.SuiteRunnerWorker.run(SuiteRunnerWorker.java:87)
	at org.testng.TestNG.runSuitesSequentially(TestNG.java:1185)
	at org.testng.TestNG.runSuitesLocally(TestNG.java:1110)
	at org.testng.TestNG.run(TestNG.java:1022)
	at org.testng.remote.RemoteTestNG.run(RemoteTestNG.java:109)
	at org.testng.remote.RemoteTestNG.initAndRun(RemoteTestNG.java:202)
	at org.testng.remote.RemoteTestNG.main(RemoteTestNG.java:173)
]]>
            </full-stacktrace>
          </exception> <!-- com.google.inject.CreationException -->
        </test-method> <!-- parameterizedLocalizeBrokenTemplate -->
        <test-method status="PASS" signature="setup()[pri:0, instance:com.google.sitebricks.LocalizationTest@28ab54eb]" name="setup" is-config="true" duration-ms="0" started-at="2012-02-26T15:22:10Z" finished-at="2012-02-26T15:22:10Z">
        </test-method> <!-- setup -->
        <test-method status="PASS" signature="parameterizedLocalizeTemplate()[pri:0, instance:com.google.sitebricks.LocalizationTest@28ab54eb]" name="parameterizedLocalizeTemplate" duration-ms="2" started-at="2012-02-26T15:22:10Z" finished-at="2012-02-26T15:22:10Z">
        </test-method> <!-- parameterizedLocalizeTemplate -->
        <test-method status="PASS" signature="parameterizedLocalizeTemplateMultipleLocales()[pri:0, instance:com.google.sitebricks.LocalizationTest@28ab54eb]" name="parameterizedLocalizeTemplateMultipleLocales" duration-ms="2" started-at="2012-02-26T15:22:10Z" finished-at="2012-02-26T15:22:10Z">
        </test-method> <!-- parameterizedLocalizeTemplateMultipleLocales -->
        <test-method status="PASS" signature="setup()[pri:0, instance:com.google.sitebricks.LocalizationTest@28ab54eb]" name="setup" is-config="true" duration-ms="0" started-at="2012-02-26T15:22:10Z" finished-at="2012-02-26T15:22:10Z">
        </test-method> <!-- setup -->
        <test-method status="PASS" signature="setup()[pri:0, instance:com.google.sitebricks.LocalizationTest@28ab54eb]" name="setup" is-config="true" duration-ms="0" started-at="2012-02-26T15:22:10Z" finished-at="2012-02-26T15:22:10Z">
        </test-method> <!-- setup -->
        <test-method status="PASS" signature="parameterizedLocalizeWrongArgAnnotation()[pri:0, instance:com.google.sitebricks.LocalizationTest@28ab54eb]" name="parameterizedLocalizeWrongArgAnnotation" duration-ms="3" started-at="2012-02-26T15:22:10Z" finished-at="2012-02-26T15:22:10Z">
          <exception class="com.google.inject.CreationException">
            <message>
              <![CDATA[Guice creation errors:

1) Only @Named annotations are allowed on i18n method arguments: 
  at com.google.sitebricks.LocalizationTest$LocalizedWrongArgAnnotation.hello()

  at com.google.sitebricks.Localizer.check(Localizer.java:237)

1 error]]>
            </message>
            <full-stacktrace>
              <![CDATA[com.google.inject.CreationException: Guice creation errors:

1) Only @Named annotations are allowed on i18n method arguments: 
  at com.google.sitebricks.LocalizationTest$LocalizedWrongArgAnnotation.hello()

  at com.google.sitebricks.Localizer.check(Localizer.java:237)

1 error
	at com.google.inject.internal.Errors.throwCreationExceptionIfErrorsExist(Errors.java:435)
	at com.google.inject.internal.InternalInjectorCreator.initializeStatically(InternalInjectorCreator.java:154)
	at com.google.inject.internal.InternalInjectorCreator.build(InternalInjectorCreator.java:106)
	at com.google.inject.Guice.createInjector(Guice.java:95)
	at com.google.inject.Guice.createInjector(Guice.java:72)
	at com.google.inject.Guice.createInjector(Guice.java:62)
	at com.google.sitebricks.LocalizationTest.parameterizedLocalizeWrongArgAnnotation(LocalizationTest.java:125)
	at sun.reflect.NativeMethodAccessorImpl.invoke0(Native Method)
	at sun.reflect.NativeMethodAccessorImpl.invoke(NativeMethodAccessorImpl.java:39)
	at sun.reflect.DelegatingMethodAccessorImpl.invoke(DelegatingMethodAccessorImpl.java:25)
	at java.lang.reflect.Method.invoke(Method.java:597)
	at org.testng.internal.MethodInvocationHelper.invokeMethod(MethodInvocationHelper.java:80)
	at org.testng.internal.Invoker.invokeMethod(Invoker.java:701)
	at org.testng.internal.Invoker.invokeTestMethod(Invoker.java:893)
	at org.testng.internal.Invoker.invokeTestMethods(Invoker.java:1218)
	at org.testng.internal.TestMethodWorker.invokeTestMethods(TestMethodWorker.java:127)
	at org.testng.internal.TestMethodWorker.run(TestMethodWorker.java:111)
	at org.testng.TestRunner.privateRun(TestRunner.java:768)
	at org.testng.TestRunner.run(TestRunner.java:617)
	at org.testng.SuiteRunner.runTest(SuiteRunner.java:334)
	at org.testng.SuiteRunner.runSequentially(SuiteRunner.java:329)
	at org.testng.SuiteRunner.privateRun(SuiteRunner.java:291)
	at org.testng.SuiteRunner.run(SuiteRunner.java:240)
	at org.testng.SuiteRunnerWorker.runSuite(SuiteRunnerWorker.java:53)
	at org.testng.SuiteRunnerWorker.run(SuiteRunnerWorker.java:87)
	at org.testng.TestNG.runSuitesSequentially(TestNG.java:1185)
	at org.testng.TestNG.runSuitesLocally(TestNG.java:1110)
	at org.testng.TestNG.run(TestNG.java:1022)
	at org.testng.remote.RemoteTestNG.run(RemoteTestNG.java:109)
	at org.testng.remote.RemoteTestNG.initAndRun(RemoteTestNG.java:202)
	at org.testng.remote.RemoteTestNG.main(RemoteTestNG.java:173)
]]>
            </full-stacktrace>
          </exception> <!-- com.google.inject.CreationException -->
        </test-method> <!-- parameterizedLocalizeWrongArgAnnotation -->
        <test-method status="PASS" signature="setup()[pri:0, instance:com.google.sitebricks.LocalizationTest@28ab54eb]" name="setup" is-config="true" duration-ms="0" started-at="2012-02-26T15:22:10Z" finished-at="2012-02-26T15:22:10Z">
        </test-method> <!-- setup -->
        <test-method status="PASS" signature="parameterizedWithNoExternalBundle()[pri:0, instance:com.google.sitebricks.LocalizationTest@28ab54eb]" name="parameterizedWithNoExternalBundle" duration-ms="2" started-at="2012-02-26T15:22:10Z" finished-at="2012-02-26T15:22:10Z">
        </test-method> <!-- parameterizedWithNoExternalBundle -->
        <test-method status="PASS" signature="simpleLocalize()[pri:0, instance:com.google.sitebricks.LocalizationTest@28ab54eb]" name="simpleLocalize" duration-ms="2" started-at="2012-02-26T15:22:10Z" finished-at="2012-02-26T15:22:10Z">
        </test-method> <!-- simpleLocalize -->
        <test-method status="PASS" signature="setup()[pri:0, instance:com.google.sitebricks.LocalizationTest@28ab54eb]" name="setup" is-config="true" duration-ms="0" started-at="2012-02-26T15:22:10Z" finished-at="2012-02-26T15:22:10Z">
        </test-method> <!-- setup -->
        <test-method status="PASS" signature="simpleLocalizeMissingAnnotation()[pri:0, instance:com.google.sitebricks.LocalizationTest@28ab54eb]" name="simpleLocalizeMissingAnnotation" duration-ms="2" started-at="2012-02-26T15:22:10Z" finished-at="2012-02-26T15:22:10Z">
          <exception class="com.google.inject.CreationException">
            <message>
              <![CDATA[Guice creation errors:

1) Found an i18n interface method missing @Message annotation: 
  at com.google.sitebricks.LocalizationTest$LocalizedMissingAnnotation.hello()

  at com.google.sitebricks.Localizer.check(Localizer.java:237)

1 error]]>
            </message>
            <full-stacktrace>
              <![CDATA[com.google.inject.CreationException: Guice creation errors:

1) Found an i18n interface method missing @Message annotation: 
  at com.google.sitebricks.LocalizationTest$LocalizedMissingAnnotation.hello()

  at com.google.sitebricks.Localizer.check(Localizer.java:237)

1 error
	at com.google.inject.internal.Errors.throwCreationExceptionIfErrorsExist(Errors.java:435)
	at com.google.inject.internal.InternalInjectorCreator.initializeStatically(InternalInjectorCreator.java:154)
	at com.google.inject.internal.InternalInjectorCreator.build(InternalInjectorCreator.java:106)
	at com.google.inject.Guice.createInjector(Guice.java:95)
	at com.google.inject.Guice.createInjector(Guice.java:72)
	at com.google.inject.Guice.createInjector(Guice.java:62)
	at com.google.sitebricks.LocalizationTest.simpleLocalizeMissingAnnotation(LocalizationTest.java:88)
	at sun.reflect.NativeMethodAccessorImpl.invoke0(Native Method)
	at sun.reflect.NativeMethodAccessorImpl.invoke(NativeMethodAccessorImpl.java:39)
	at sun.reflect.DelegatingMethodAccessorImpl.invoke(DelegatingMethodAccessorImpl.java:25)
	at java.lang.reflect.Method.invoke(Method.java:597)
	at org.testng.internal.MethodInvocationHelper.invokeMethod(MethodInvocationHelper.java:80)
	at org.testng.internal.Invoker.invokeMethod(Invoker.java:701)
	at org.testng.internal.Invoker.invokeTestMethod(Invoker.java:893)
	at org.testng.internal.Invoker.invokeTestMethods(Invoker.java:1218)
	at org.testng.internal.TestMethodWorker.invokeTestMethods(TestMethodWorker.java:127)
	at org.testng.internal.TestMethodWorker.run(TestMethodWorker.java:111)
	at org.testng.TestRunner.privateRun(TestRunner.java:768)
	at org.testng.TestRunner.run(TestRunner.java:617)
	at org.testng.SuiteRunner.runTest(SuiteRunner.java:334)
	at org.testng.SuiteRunner.runSequentially(SuiteRunner.java:329)
	at org.testng.SuiteRunner.privateRun(SuiteRunner.java:291)
	at org.testng.SuiteRunner.run(SuiteRunner.java:240)
	at org.testng.SuiteRunnerWorker.runSuite(SuiteRunnerWorker.java:53)
	at org.testng.SuiteRunnerWorker.run(SuiteRunnerWorker.java:87)
	at org.testng.TestNG.runSuitesSequentially(TestNG.java:1185)
	at org.testng.TestNG.runSuitesLocally(TestNG.java:1110)
	at org.testng.TestNG.run(TestNG.java:1022)
	at org.testng.remote.RemoteTestNG.run(RemoteTestNG.java:109)
	at org.testng.remote.RemoteTestNG.initAndRun(RemoteTestNG.java:202)
	at org.testng.remote.RemoteTestNG.main(RemoteTestNG.java:173)
]]>
            </full-stacktrace>
          </exception> <!-- com.google.inject.CreationException -->
        </test-method> <!-- simpleLocalizeMissingAnnotation -->
        <test-method status="PASS" signature="setup()[pri:0, instance:com.google.sitebricks.LocalizationTest@28ab54eb]" name="setup" is-config="true" duration-ms="0" started-at="2012-02-26T15:22:10Z" finished-at="2012-02-26T15:22:10Z">
        </test-method> <!-- setup -->
        <test-method status="PASS" signature="setup()[pri:0, instance:com.google.sitebricks.LocalizationTest@28ab54eb]" name="setup" is-config="true" duration-ms="0" started-at="2012-02-26T15:22:10Z" finished-at="2012-02-26T15:22:10Z">
        </test-method> <!-- setup -->
        <test-method status="PASS" signature="simpleLocalizeMissingEntry()[pri:0, instance:com.google.sitebricks.LocalizationTest@28ab54eb]" name="simpleLocalizeMissingEntry" duration-ms="2" started-at="2012-02-26T15:22:10Z" finished-at="2012-02-26T15:22:10Z">
          <exception class="com.google.inject.CreationException">
            <message>
              <![CDATA[Guice creation errors:

1) Provided resource bundle does not contain a localization for message: 
  at com.google.sitebricks.LocalizationTest$Localized.hello()

  at com.google.sitebricks.Localizer.check(Localizer.java:237)

1 error]]>
            </message>
            <full-stacktrace>
              <![CDATA[com.google.inject.CreationException: Guice creation errors:

1) Provided resource bundle does not contain a localization for message: 
  at com.google.sitebricks.LocalizationTest$Localized.hello()

  at com.google.sitebricks.Localizer.check(Localizer.java:237)

1 error
	at com.google.inject.internal.Errors.throwCreationExceptionIfErrorsExist(Errors.java:435)
	at com.google.inject.internal.InternalInjectorCreator.initializeStatically(InternalInjectorCreator.java:154)
	at com.google.inject.internal.InternalInjectorCreator.build(InternalInjectorCreator.java:106)
	at com.google.inject.Guice.createInjector(Guice.java:95)
	at com.google.inject.Guice.createInjector(Guice.java:72)
	at com.google.inject.Guice.createInjector(Guice.java:62)
	at com.google.sitebricks.LocalizationTest.simpleLocalizeMissingEntry(LocalizationTest.java:70)
	at sun.reflect.NativeMethodAccessorImpl.invoke0(Native Method)
	at sun.reflect.NativeMethodAccessorImpl.invoke(NativeMethodAccessorImpl.java:39)
	at sun.reflect.DelegatingMethodAccessorImpl.invoke(DelegatingMethodAccessorImpl.java:25)
	at java.lang.reflect.Method.invoke(Method.java:597)
	at org.testng.internal.MethodInvocationHelper.invokeMethod(MethodInvocationHelper.java:80)
	at org.testng.internal.Invoker.invokeMethod(Invoker.java:701)
	at org.testng.internal.Invoker.invokeTestMethod(Invoker.java:893)
	at org.testng.internal.Invoker.invokeTestMethods(Invoker.java:1218)
	at org.testng.internal.TestMethodWorker.invokeTestMethods(TestMethodWorker.java:127)
	at org.testng.internal.TestMethodWorker.run(TestMethodWorker.java:111)
	at org.testng.TestRunner.privateRun(TestRunner.java:768)
	at org.testng.TestRunner.run(TestRunner.java:617)
	at org.testng.SuiteRunner.runTest(SuiteRunner.java:334)
	at org.testng.SuiteRunner.runSequentially(SuiteRunner.java:329)
	at org.testng.SuiteRunner.privateRun(SuiteRunner.java:291)
	at org.testng.SuiteRunner.run(SuiteRunner.java:240)
	at org.testng.SuiteRunnerWorker.runSuite(SuiteRunnerWorker.java:53)
	at org.testng.SuiteRunnerWorker.run(SuiteRunnerWorker.java:87)
	at org.testng.TestNG.runSuitesSequentially(TestNG.java:1185)
	at org.testng.TestNG.runSuitesLocally(TestNG.java:1110)
	at org.testng.TestNG.run(TestNG.java:1022)
	at org.testng.remote.RemoteTestNG.run(RemoteTestNG.java:109)
	at org.testng.remote.RemoteTestNG.initAndRun(RemoteTestNG.java:202)
	at org.testng.remote.RemoteTestNG.main(RemoteTestNG.java:173)
]]>
            </full-stacktrace>
          </exception> <!-- com.google.inject.CreationException -->
        </test-method> <!-- simpleLocalizeMissingEntry -->
        <test-method status="PASS" signature="setup()[pri:0, instance:com.google.sitebricks.LocalizationTest@28ab54eb]" name="setup" is-config="true" duration-ms="0" started-at="2012-02-26T15:22:10Z" finished-at="2012-02-26T15:22:10Z">
        </test-method> <!-- setup -->
        <test-method status="PASS" signature="simpleLocalizeWrongReturnType()[pri:0, instance:com.google.sitebricks.LocalizationTest@28ab54eb]" name="simpleLocalizeWrongReturnType" duration-ms="2" started-at="2012-02-26T15:22:10Z" finished-at="2012-02-26T15:22:10Z">
          <exception class="com.google.inject.CreationException">
            <message>
              <![CDATA[Guice creation errors:

1) All i18n interface methods MUST return String: 
  at com.google.sitebricks.LocalizationTest$LocalizedWrongReturnType.hello()

  at com.google.sitebricks.Localizer.check(Localizer.java:237)

1 error]]>
            </message>
            <full-stacktrace>
              <![CDATA[com.google.inject.CreationException: Guice creation errors:

1) All i18n interface methods MUST return String: 
  at com.google.sitebricks.LocalizationTest$LocalizedWrongReturnType.hello()

  at com.google.sitebricks.Localizer.check(Localizer.java:237)

1 error
	at com.google.inject.internal.Errors.throwCreationExceptionIfErrorsExist(Errors.java:435)
	at com.google.inject.internal.InternalInjectorCreator.initializeStatically(InternalInjectorCreator.java:154)
	at com.google.inject.internal.InternalInjectorCreator.build(InternalInjectorCreator.java:106)
	at com.google.inject.Guice.createInjector(Guice.java:95)
	at com.google.inject.Guice.createInjector(Guice.java:72)
	at com.google.inject.Guice.createInjector(Guice.java:62)
	at com.google.sitebricks.LocalizationTest.simpleLocalizeWrongReturnType(LocalizationTest.java:106)
	at sun.reflect.NativeMethodAccessorImpl.invoke0(Native Method)
	at sun.reflect.NativeMethodAccessorImpl.invoke(NativeMethodAccessorImpl.java:39)
	at sun.reflect.DelegatingMethodAccessorImpl.invoke(DelegatingMethodAccessorImpl.java:25)
	at java.lang.reflect.Method.invoke(Method.java:597)
	at org.testng.internal.MethodInvocationHelper.invokeMethod(MethodInvocationHelper.java:80)
	at org.testng.internal.Invoker.invokeMethod(Invoker.java:701)
	at org.testng.internal.Invoker.invokeTestMethod(Invoker.java:893)
	at org.testng.internal.Invoker.invokeTestMethods(Invoker.java:1218)
	at org.testng.internal.TestMethodWorker.invokeTestMethods(TestMethodWorker.java:127)
	at org.testng.internal.TestMethodWorker.run(TestMethodWorker.java:111)
	at org.testng.TestRunner.privateRun(TestRunner.java:768)
	at org.testng.TestRunner.run(TestRunner.java:617)
	at org.testng.SuiteRunner.runTest(SuiteRunner.java:334)
	at org.testng.SuiteRunner.runSequentially(SuiteRunner.java:329)
	at org.testng.SuiteRunner.privateRun(SuiteRunner.java:291)
	at org.testng.SuiteRunner.run(SuiteRunner.java:240)
	at org.testng.SuiteRunnerWorker.runSuite(SuiteRunnerWorker.java:53)
	at org.testng.SuiteRunnerWorker.run(SuiteRunnerWorker.java:87)
	at org.testng.TestNG.runSuitesSequentially(TestNG.java:1185)
	at org.testng.TestNG.runSuitesLocally(TestNG.java:1110)
	at org.testng.TestNG.run(TestNG.java:1022)
	at org.testng.remote.RemoteTestNG.run(RemoteTestNG.java:109)
	at org.testng.remote.RemoteTestNG.initAndRun(RemoteTestNG.java:202)
	at org.testng.remote.RemoteTestNG.main(RemoteTestNG.java:173)
]]>
            </full-stacktrace>
          </exception> <!-- com.google.inject.CreationException -->
        </test-method> <!-- simpleLocalizeWrongReturnType -->
      </class> <!-- com.google.sitebricks.LocalizationTest -->
      <class name="com.google.sitebricks.EdslTest">
        <test-method status="PASS" signature="edsl()[pri:0, instance:com.google.sitebricks.EdslTest@900bac2]" name="edsl" duration-ms="20" started-at="2012-02-26T15:22:10Z" finished-at="2012-02-26T15:22:10Z">
        </test-method> <!-- edsl -->
      </class> <!-- com.google.sitebricks.EdslTest -->
      <class name="com.google.sitebricks.rendering.control.ShowIfWidgetTest">
        <test-method status="PASS" signature="hideChildren(java.lang.String, boolean)[pri:0, instance:com.google.sitebricks.rendering.control.ShowIfWidgetTest@4c53ab04]" name="hideChildren" duration-ms="3" started-at="2012-02-26T15:22:10Z" finished-at="2012-02-26T15:22:10Z">
          <params>
            <param index="0">
              <value>
                <![CDATA[visible]]>
              </value>
            </param>
            <param index="1">
              <value>
                <![CDATA[true]]>
              </value>
            </param>
          </params>
        </test-method> <!-- hideChildren -->
        <test-method status="PASS" signature="hideChildren(java.lang.String, boolean)[pri:0, instance:com.google.sitebricks.rendering.control.ShowIfWidgetTest@4c53ab04]" name="hideChildren" duration-ms="0" started-at="2012-02-26T15:22:10Z" finished-at="2012-02-26T15:22:10Z">
          <params>
            <param index="0">
              <value>
                <![CDATA[!visible]]>
              </value>
            </param>
            <param index="1">
              <value>
                <![CDATA[false]]>
              </value>
            </param>
          </params>
        </test-method> <!-- hideChildren -->
        <test-method status="PASS" signature="hideChildren(java.lang.String, boolean)[pri:0, instance:com.google.sitebricks.rendering.control.ShowIfWidgetTest@4c53ab04]" name="hideChildren" duration-ms="1" started-at="2012-02-26T15:22:10Z" finished-at="2012-02-26T15:22:10Z">
          <params>
            <param index="0">
              <value>
                <![CDATA[false]]>
              </value>
            </param>
            <param index="1">
              <value>
                <![CDATA[false]]>
              </value>
            </param>
          </params>
        </test-method> <!-- hideChildren -->
        <test-method status="PASS" signature="hideChildren(java.lang.String, boolean)[pri:0, instance:com.google.sitebricks.rendering.control.ShowIfWidgetTest@4c53ab04]" name="hideChildren" duration-ms="0" started-at="2012-02-26T15:22:10Z" finished-at="2012-02-26T15:22:10Z">
          <params>
            <param index="0">
              <value>
                <![CDATA[true]]>
              </value>
            </param>
            <param index="1">
              <value>
                <![CDATA[true]]>
              </value>
            </param>
          </params>
        </test-method> <!-- hideChildren -->
      </class> <!-- com.google.sitebricks.rendering.control.ShowIfWidgetTest -->
      <class name="com.google.sitebricks.RespondTest">
        <test-method status="PASS" signature="respondWriteNull()[pri:0, instance:com.google.sitebricks.RespondTest@559113f8]" name="respondWriteNull" duration-ms="0" started-at="2012-02-26T15:22:11Z" finished-at="2012-02-26T15:22:11Z">
        </test-method> <!-- respondWriteNull -->
        <test-method status="PASS" signature="respondWriteStringCharAndChew()[pri:0, instance:com.google.sitebricks.RespondTest@559113f8]" name="respondWriteStringCharAndChew" duration-ms="0" started-at="2012-02-26T15:22:11Z" finished-at="2012-02-26T15:22:11Z">
        </test-method> <!-- respondWriteStringCharAndChew -->
      </class> <!-- com.google.sitebricks.RespondTest -->
      <class name="com.google.sitebricks.compiler.FreemarkerTemplateCompilerTest">
        <test-method status="PASS" signature="pre()[pri:0, instance:com.google.sitebricks.compiler.FreemarkerTemplateCompilerTest@359eda2c]" name="pre" is-config="true" duration-ms="2" started-at="2012-02-26T15:22:10Z" finished-at="2012-02-26T15:22:10Z">
        </test-method> <!-- pre -->
        <test-method status="PASS" signature="annotationKeyExtraction()[pri:0, instance:com.google.sitebricks.compiler.FreemarkerTemplateCompilerTest@359eda2c]" name="annotationKeyExtraction" duration-ms="1" started-at="2012-02-26T15:22:10Z" finished-at="2012-02-26T15:22:10Z">
        </test-method> <!-- annotationKeyExtraction -->
        <test-method status="PASS" signature="pre()[pri:0, instance:com.google.sitebricks.compiler.FreemarkerTemplateCompilerTest@359eda2c]" name="pre" is-config="true" duration-ms="1" started-at="2012-02-26T15:22:10Z" finished-at="2012-02-26T15:22:10Z">
        </test-method> <!-- pre -->
        <test-method status="PASS" signature="readAWidgetWithVariousExpressions(java.lang.String)[pri:0, instance:com.google.sitebricks.compiler.FreemarkerTemplateCompilerTest@359eda2c]" name="readAWidgetWithVariousExpressions" duration-ms="98" started-at="2012-02-26T15:22:10Z" finished-at="2012-02-26T15:22:10Z">
          <params>
            <param index="0">
              <value>
                <![CDATA[true]]>
              </value>
            </param>
          </params>
        </test-method> <!-- readAWidgetWithVariousExpressions -->
        <test-method status="PASS" signature="pre()[pri:0, instance:com.google.sitebricks.compiler.FreemarkerTemplateCompilerTest@359eda2c]" name="pre" is-config="true" duration-ms="1" started-at="2012-02-26T15:22:10Z" finished-at="2012-02-26T15:22:10Z">
        </test-method> <!-- pre -->
        <test-method status="PASS" signature="readAWidgetWithVariousExpressions(java.lang.String)[pri:0, instance:com.google.sitebricks.compiler.FreemarkerTemplateCompilerTest@359eda2c]" name="readAWidgetWithVariousExpressions" duration-ms="28" started-at="2012-02-26T15:22:10Z" finished-at="2012-02-26T15:22:10Z">
          <params>
            <param index="0">
              <value>
                <![CDATA['x' == 'x']]>
              </value>
            </param>
          </params>
        </test-method> <!-- readAWidgetWithVariousExpressions -->
        <test-method status="PASS" signature="pre()[pri:0, instance:com.google.sitebricks.compiler.FreemarkerTemplateCompilerTest@359eda2c]" name="pre" is-config="true" duration-ms="1" started-at="2012-02-26T15:22:10Z" finished-at="2012-02-26T15:22:10Z">
        </test-method> <!-- pre -->
        <test-method status="PASS" signature="readAWidgetWithVariousExpressions(java.lang.String)[pri:0, instance:com.google.sitebricks.compiler.FreemarkerTemplateCompilerTest@359eda2c]" name="readAWidgetWithVariousExpressions" duration-ms="2" started-at="2012-02-26T15:22:10Z" finished-at="2012-02-26T15:22:10Z">
          <params>
            <param index="0">
              <value>
                <![CDATA["x" == "x"]]>
              </value>
            </param>
          </params>
        </test-method> <!-- readAWidgetWithVariousExpressions -->
        <test-method status="PASS" signature="pre()[pri:0, instance:com.google.sitebricks.compiler.FreemarkerTemplateCompilerTest@359eda2c]" name="pre" is-config="true" duration-ms="1" started-at="2012-02-26T15:22:10Z" finished-at="2012-02-26T15:22:10Z">
        </test-method> <!-- pre -->
        <test-method status="PASS" signature="readHtmlWidget()[pri:0, instance:com.google.sitebricks.compiler.FreemarkerTemplateCompilerTest@359eda2c]" name="readHtmlWidget" duration-ms="6" started-at="2012-02-26T15:22:10Z" finished-at="2012-02-26T15:22:10Z">
        </test-method> <!-- readHtmlWidget -->
        <test-method status="PASS" signature="pre()[pri:0, instance:com.google.sitebricks.compiler.FreemarkerTemplateCompilerTest@359eda2c]" name="pre" is-config="true" duration-ms="1" started-at="2012-02-26T15:22:10Z" finished-at="2012-02-26T15:22:10Z">
        </test-method> <!-- pre -->
        <test-method status="PASS" signature="readHtmlWidgetWithChildren()[pri:0, instance:com.google.sitebricks.compiler.FreemarkerTemplateCompilerTest@359eda2c]" name="readHtmlWidgetWithChildren" duration-ms="1" started-at="2012-02-26T15:22:10Z" finished-at="2012-02-26T15:22:10Z">
        </test-method> <!-- readHtmlWidgetWithChildren -->
        <test-method status="PASS" signature="pre()[pri:0, instance:com.google.sitebricks.compiler.FreemarkerTemplateCompilerTest@359eda2c]" name="pre" is-config="true" duration-ms="0" started-at="2012-02-26T15:22:10Z" finished-at="2012-02-26T15:22:10Z">
        </test-method> <!-- pre -->
        <test-method status="PASS" signature="readShowIfWidgetFalse()[pri:0, instance:com.google.sitebricks.compiler.FreemarkerTemplateCompilerTest@359eda2c]" name="readShowIfWidgetFalse" duration-ms="2" started-at="2012-02-26T15:22:10Z" finished-at="2012-02-26T15:22:10Z">
        </test-method> <!-- readShowIfWidgetFalse -->
        <test-method status="PASS" signature="pre()[pri:0, instance:com.google.sitebricks.compiler.FreemarkerTemplateCompilerTest@359eda2c]" name="pre" is-config="true" duration-ms="1" started-at="2012-02-26T15:22:10Z" finished-at="2012-02-26T15:22:10Z">
        </test-method> <!-- pre -->
        <test-method status="PASS" signature="readShowIfWidgetTrue()[pri:0, instance:com.google.sitebricks.compiler.FreemarkerTemplateCompilerTest@359eda2c]" name="readShowIfWidgetTrue" duration-ms="1" started-at="2012-02-26T15:22:10Z" finished-at="2012-02-26T15:22:10Z">
        </test-method> <!-- readShowIfWidgetTrue -->
        <test-method status="PASS" signature="pre()[pri:0, instance:com.google.sitebricks.compiler.FreemarkerTemplateCompilerTest@359eda2c]" name="pre" is-config="true" duration-ms="1" started-at="2012-02-26T15:22:10Z" finished-at="2012-02-26T15:22:10Z">
        </test-method> <!-- pre -->
        <test-method status="PASS" signature="readTextWidgetValues()[pri:0, instance:com.google.sitebricks.compiler.FreemarkerTemplateCompilerTest@359eda2c]" name="readTextWidgetValues" duration-ms="2" started-at="2012-02-26T15:22:10Z" finished-at="2012-02-26T15:22:10Z">
        </test-method> <!-- readTextWidgetValues -->
      </class> <!-- com.google.sitebricks.compiler.FreemarkerTemplateCompilerTest -->
      <class name="com.google.sitebricks.routing.PageBookImplTest">
        <test-method status="PASS" signature="pre()[pri:0, instance:com.google.sitebricks.routing.PageBookImplTest@42197bb7]" name="pre" is-config="true" duration-ms="316" started-at="2012-02-26T15:22:09Z" finished-at="2012-02-26T15:22:09Z">
        </test-method> <!-- pre -->
        <test-method status="PASS" signature="errorOnPostMethodWithUnnamedArgs()[pri:0, instance:com.google.sitebricks.routing.PageBookImplTest@42197bb7]" name="errorOnPostMethodWithUnnamedArgs" duration-ms="4" started-at="2012-02-26T15:22:11Z" finished-at="2012-02-26T15:22:11Z">
          <exception class="com.google.sitebricks.routing.InvalidEventHandlerException">
            <message>
              <![CDATA[Encountered an argument not annotated with @Named and not a valid injection key in event handler method: public void com.google.sitebricks.routing.PageBookImplTest$MyBrokenPageWithTemplate.post(java.lang.String,int,java.lang.String) Key[type=java.lang.Integer, annotation=[none]]]]>
            </message>
            <full-stacktrace>
              <![CDATA[com.google.sitebricks.routing.InvalidEventHandlerException: Encountered an argument not annotated with @Named and not a valid injection key in event handler method: public void com.google.sitebricks.routing.PageBookImplTest$MyBrokenPageWithTemplate.post(java.lang.String,int,java.lang.String) Key[type=java.lang.Integer, annotation=[none]]
	at com.google.sitebricks.routing.DefaultPageBook$MethodTuple.reflect(DefaultPageBook.java:660)
	at com.google.sitebricks.routing.DefaultPageBook$MethodTuple.<init>(DefaultPageBook.java:620)
	at com.google.sitebricks.routing.DefaultPageBook$MethodTuple.<init>(DefaultPageBook.java:609)
	at com.google.sitebricks.routing.DefaultPageBook$PageTuple.reflectAndCache(DefaultPageBook.java:441)
	at com.google.sitebricks.routing.DefaultPageBook$PageTuple.<init>(DefaultPageBook.java:377)
	at com.google.sitebricks.routing.DefaultPageBook.at(DefaultPageBook.java:151)
	at com.google.sitebricks.routing.DefaultPageBook.at(DefaultPageBook.java:106)
	at com.google.sitebricks.routing.DefaultPageBook.at(DefaultPageBook.java:50)
	at com.google.sitebricks.routing.PageBookImplTest.errorOnPostMethodWithUnnamedArgs(PageBookImplTest.java:432)
	at sun.reflect.NativeMethodAccessorImpl.invoke0(Native Method)
	at sun.reflect.NativeMethodAccessorImpl.invoke(NativeMethodAccessorImpl.java:39)
	at sun.reflect.DelegatingMethodAccessorImpl.invoke(DelegatingMethodAccessorImpl.java:25)
	at java.lang.reflect.Method.invoke(Method.java:597)
	at org.testng.internal.MethodInvocationHelper.invokeMethod(MethodInvocationHelper.java:80)
	at org.testng.internal.Invoker.invokeMethod(Invoker.java:701)
	at org.testng.internal.Invoker.invokeTestMethod(Invoker.java:893)
	at org.testng.internal.Invoker.invokeTestMethods(Invoker.java:1218)
	at org.testng.internal.TestMethodWorker.invokeTestMethods(TestMethodWorker.java:127)
	at org.testng.internal.TestMethodWorker.run(TestMethodWorker.java:111)
	at org.testng.TestRunner.privateRun(TestRunner.java:768)
	at org.testng.TestRunner.run(TestRunner.java:617)
	at org.testng.SuiteRunner.runTest(SuiteRunner.java:334)
	at org.testng.SuiteRunner.runSequentially(SuiteRunner.java:329)
	at org.testng.SuiteRunner.privateRun(SuiteRunner.java:291)
	at org.testng.SuiteRunner.run(SuiteRunner.java:240)
	at org.testng.SuiteRunnerWorker.runSuite(SuiteRunnerWorker.java:53)
	at org.testng.SuiteRunnerWorker.run(SuiteRunnerWorker.java:87)
	at org.testng.TestNG.runSuitesSequentially(TestNG.java:1185)
	at org.testng.TestNG.runSuitesLocally(TestNG.java:1110)
	at org.testng.TestNG.run(TestNG.java:1022)
	at org.testng.remote.RemoteTestNG.run(RemoteTestNG.java:109)
	at org.testng.remote.RemoteTestNG.initAndRun(RemoteTestNG.java:202)
	at org.testng.remote.RemoteTestNG.main(RemoteTestNG.java:173)
]]>
            </full-stacktrace>
          </exception> <!-- com.google.sitebricks.routing.InvalidEventHandlerException -->
        </test-method> <!-- errorOnPostMethodWithUnnamedArgs -->
        <test-method status="PASS" signature="fireGetMethodOnPage()[pri:0, instance:com.google.sitebricks.routing.PageBookImplTest@42197bb7]" name="fireGetMethodOnPage" duration-ms="3" started-at="2012-02-26T15:22:11Z" finished-at="2012-02-26T15:22:11Z">
        </test-method> <!-- fireGetMethodOnPage -->
        <test-method status="PASS" signature="fireGetMethodOnPageAndRedirectToURL()[pri:0, instance:com.google.sitebricks.routing.PageBookImplTest@42197bb7]" name="fireGetMethodOnPageAndRedirectToURL" duration-ms="1" started-at="2012-02-26T15:22:11Z" finished-at="2012-02-26T15:22:11Z">
        </test-method> <!-- fireGetMethodOnPageAndRedirectToURL -->
        <test-method status="PASS" signature="fireGetMethodOnPageToCorrectHandler()[pri:0, instance:com.google.sitebricks.routing.PageBookImplTest@42197bb7]" name="fireGetMethodOnPageToCorrectHandler" duration-ms="4" started-at="2012-02-26T15:22:11Z" finished-at="2012-02-26T15:22:11Z">
        </test-method> <!-- fireGetMethodOnPageToCorrectHandler -->
        <test-method status="PASS" signature="fireGetMethodOnPageToCorrectHandlerOnlyOnce()[pri:0, instance:com.google.sitebricks.routing.PageBookImplTest@42197bb7]" name="fireGetMethodOnPageToCorrectHandlerOnlyOnce" duration-ms="4" started-at="2012-02-26T15:22:11Z" finished-at="2012-02-26T15:22:11Z">
        </test-method> <!-- fireGetMethodOnPageToCorrectHandlerOnlyOnce -->
        <test-method status="PASS" signature="fireGetMethodOnPageToDefaultHandler()[pri:0, instance:com.google.sitebricks.routing.PageBookImplTest@42197bb7]" name="fireGetMethodOnPageToDefaultHandler" duration-ms="4" started-at="2012-02-26T15:22:11Z" finished-at="2012-02-26T15:22:11Z">
        </test-method> <!-- fireGetMethodOnPageToDefaultHandler -->
        <test-method status="PASS" signature="fireGetMethodWithArgsOnPage()[pri:0, instance:com.google.sitebricks.routing.PageBookImplTest@42197bb7]" name="fireGetMethodWithArgsOnPage" duration-ms="2" started-at="2012-02-26T15:22:11Z" finished-at="2012-02-26T15:22:11Z">
        </test-method> <!-- fireGetMethodWithArgsOnPage -->
        <test-method status="PASS" signature="fireGetMethodWithPrimitiveArgsOnPage()[pri:0, instance:com.google.sitebricks.routing.PageBookImplTest@42197bb7]" name="fireGetMethodWithPrimitiveArgsOnPage" duration-ms="2" started-at="2012-02-26T15:22:11Z" finished-at="2012-02-26T15:22:11Z">
        </test-method> <!-- fireGetMethodWithPrimitiveArgsOnPage -->
        <test-method status="PASS" signature="firePostMethodOnPage()[pri:0, instance:com.google.sitebricks.routing.PageBookImplTest@42197bb7]" name="firePostMethodOnPage" duration-ms="2" started-at="2012-02-26T15:22:11Z" finished-at="2012-02-26T15:22:11Z">
        </test-method> <!-- firePostMethodOnPage -->
        <test-method status="PASS" signature="firePostMethodOnPageAndRedirectToURL()[pri:0, instance:com.google.sitebricks.routing.PageBookImplTest@42197bb7]" name="firePostMethodOnPageAndRedirectToURL" duration-ms="2" started-at="2012-02-26T15:22:11Z" finished-at="2012-02-26T15:22:11Z">
        </test-method> <!-- firePostMethodOnPageAndRedirectToURL -->
        <test-method status="PASS" signature="firePostMethodOnPageToCorrectHandler()[pri:0, instance:com.google.sitebricks.routing.PageBookImplTest@42197bb7]" name="firePostMethodOnPageToCorrectHandler" duration-ms="3" started-at="2012-02-26T15:22:11Z" finished-at="2012-02-26T15:22:11Z">
        </test-method> <!-- firePostMethodOnPageToCorrectHandler -->
        <test-method status="PASS" signature="firePostMethodOnPageToCorrectHandlerOnlyOnce()[pri:0, instance:com.google.sitebricks.routing.PageBookImplTest@42197bb7]" name="firePostMethodOnPageToCorrectHandlerOnlyOnce" duration-ms="4" started-at="2012-02-26T15:22:11Z" finished-at="2012-02-26T15:22:11Z">
        </test-method> <!-- firePostMethodOnPageToCorrectHandlerOnlyOnce -->
        <test-method status="PASS" signature="firePostMethodOnPageToDefaultHandler()[pri:0, instance:com.google.sitebricks.routing.PageBookImplTest@42197bb7]" name="firePostMethodOnPageToDefaultHandler" duration-ms="4" started-at="2012-02-26T15:22:11Z" finished-at="2012-02-26T15:22:11Z">
        </test-method> <!-- firePostMethodOnPageToDefaultHandler -->
        <test-method status="PASS" signature="firePostMethodWithArgsOnPage()[pri:0, instance:com.google.sitebricks.routing.PageBookImplTest@42197bb7]" name="firePostMethodWithArgsOnPage" duration-ms="2" started-at="2012-02-26T15:22:11Z" finished-at="2012-02-26T15:22:11Z">
        </test-method> <!-- firePostMethodWithArgsOnPage -->
        <test-method status="PASS" signature="firstPathElement(java.lang.String, java.lang.String)[pri:0, instance:com.google.sitebricks.routing.PageBookImplTest@42197bb7]" name="firstPathElement" duration-ms="0" started-at="2012-02-26T15:22:11Z" finished-at="2012-02-26T15:22:11Z">
          <params>
            <param index="0">
              <value>
                <![CDATA[/wiki/:title/:thing]]>
              </value>
            </param>
            <param index="1">
              <value>
                <![CDATA[wiki]]>
              </value>
            </param>
          </params>
        </test-method> <!-- firstPathElement -->
        <test-method status="PASS" signature="firstPathElement(java.lang.String, java.lang.String)[pri:0, instance:com.google.sitebricks.routing.PageBookImplTest@42197bb7]" name="firstPathElement" duration-ms="0" started-at="2012-02-26T15:22:11Z" finished-at="2012-02-26T15:22:11Z">
          <params>
            <param index="0">
              <value>
                <![CDATA[/wiki/:title]]>
              </value>
            </param>
            <param index="1">
              <value>
                <![CDATA[wiki]]>
              </value>
            </param>
          </params>
        </test-method> <!-- firstPathElement -->
        <test-method status="PASS" signature="firstPathElement(java.lang.String, java.lang.String)[pri:0, instance:com.google.sitebricks.routing.PageBookImplTest@42197bb7]" name="firstPathElement" duration-ms="1" started-at="2012-02-26T15:22:11Z" finished-at="2012-02-26T15:22:11Z">
          <params>
            <param index="0">
              <value>
                <![CDATA[/wiki/other/thing/dude]]>
              </value>
            </param>
            <param index="1">
              <value>
                <![CDATA[wiki]]>
              </value>
            </param>
          </params>
        </test-method> <!-- firstPathElement -->
        <test-method status="PASS" signature="firstPathElement(java.lang.String, java.lang.String)[pri:0, instance:com.google.sitebricks.routing.PageBookImplTest@42197bb7]" name="firstPathElement" duration-ms="0" started-at="2012-02-26T15:22:11Z" finished-at="2012-02-26T15:22:11Z">
          <params>
            <param index="0">
              <value>
                <![CDATA[/wiki/]]>
              </value>
            </param>
            <param index="1">
              <value>
                <![CDATA[wiki]]>
              </value>
            </param>
          </params>
        </test-method> <!-- firstPathElement -->
        <test-method status="PASS" signature="firstPathElement(java.lang.String, java.lang.String)[pri:0, instance:com.google.sitebricks.routing.PageBookImplTest@42197bb7]" name="firstPathElement" duration-ms="0" started-at="2012-02-26T15:22:11Z" finished-at="2012-02-26T15:22:11Z">
          <params>
            <param index="0">
              <value>
                <![CDATA[/wiki]]>
              </value>
            </param>
            <param index="1">
              <value>
                <![CDATA[wiki]]>
              </value>
            </param>
          </params>
        </test-method> <!-- firstPathElement -->
        <test-method status="PASS" signature="firstPathElement(java.lang.String, java.lang.String)[pri:0, instance:com.google.sitebricks.routing.PageBookImplTest@42197bb7]" name="firstPathElement" duration-ms="1" started-at="2012-02-26T15:22:11Z" finished-at="2012-02-26T15:22:11Z">
          <params>
            <param index="0">
              <value>
                <![CDATA[/]]>
              </value>
            </param>
            <param index="1">
              <value>
                <![CDATA[]]>
              </value>
            </param>
          </params>
        </test-method> <!-- firstPathElement -->
        <test-method status="PASS" signature="matchPageByUriTemplate(java.lang.String, java.lang.String)[pri:0, instance:com.google.sitebricks.routing.PageBookImplTest@42197bb7]" name="matchPageByUriTemplate" duration-ms="1" started-at="2012-02-26T15:22:11Z" finished-at="2012-02-26T15:22:11Z">
          <params>
            <param index="0">
              <value>
                <![CDATA[/wiki/:title]]>
              </value>
            </param>
            <param index="1">
              <value>
                <![CDATA[/wiki/HelloPage]]>
              </value>
            </param>
          </params>
        </test-method> <!-- matchPageByUriTemplate -->
        <test-method status="PASS" signature="matchPageByUriTemplate(java.lang.String, java.lang.String)[pri:0, instance:com.google.sitebricks.routing.PageBookImplTest@42197bb7]" name="matchPageByUriTemplate" duration-ms="1" started-at="2012-02-26T15:22:11Z" finished-at="2012-02-26T15:22:11Z">
          <params>
            <param index="0">
              <value>
                <![CDATA[/wiki/:title]]>
              </value>
            </param>
            <param index="1">
              <value>
                <![CDATA[/wiki/HelloPage%20]]>
              </value>
            </param>
          </params>
        </test-method> <!-- matchPageByUriTemplate -->
        <test-method status="PASS" signature="matchPageByUriTemplate(java.lang.String, java.lang.String)[pri:0, instance:com.google.sitebricks.routing.PageBookImplTest@42197bb7]" name="matchPageByUriTemplate" duration-ms="1" started-at="2012-02-26T15:22:11Z" finished-at="2012-02-26T15:22:11Z">
          <params>
            <param index="0">
              <value>
                <![CDATA[/wiki/:title/dude]]>
              </value>
            </param>
            <param index="1">
              <value>
                <![CDATA[/wiki/HelloPage/dude]]>
              </value>
            </param>
          </params>
        </test-method> <!-- matchPageByUriTemplate -->
        <test-method status="PASS" signature="matchPageByUriTemplate(java.lang.String, java.lang.String)[pri:0, instance:com.google.sitebricks.routing.PageBookImplTest@42197bb7]" name="matchPageByUriTemplate" duration-ms="1" started-at="2012-02-26T15:22:11Z" finished-at="2012-02-26T15:22:11Z">
          <params>
            <param index="0">
              <value>
                <![CDATA[/:title/thing]]>
              </value>
            </param>
            <param index="1">
              <value>
                <![CDATA[/wiki/thing]]>
              </value>
            </param>
          </params>
        </test-method> <!-- matchPageByUriTemplate -->
        <test-method status="PASS" signature="matchPageByUriTemplate(java.lang.String, java.lang.String)[pri:0, instance:com.google.sitebricks.routing.PageBookImplTest@42197bb7]" name="matchPageByUriTemplate" duration-ms="1" started-at="2012-02-26T15:22:11Z" finished-at="2012-02-26T15:22:11Z">
          <params>
            <param index="0">
              <value>
                <![CDATA[/:title]]>
              </value>
            </param>
            <param index="1">
              <value>
                <![CDATA[/aposkdapoksd]]>
              </value>
            </param>
          </params>
        </test-method> <!-- matchPageByUriTemplate -->
        <test-method status="PASS" signature="notMatchPageByUriTemplate(java.lang.String, java.lang.String)[pri:0, instance:com.google.sitebricks.routing.PageBookImplTest@42197bb7]" name="notMatchPageByUriTemplate" duration-ms="1" started-at="2012-02-26T15:22:11Z" finished-at="2012-02-26T15:22:11Z">
          <params>
            <param index="0">
              <value>
                <![CDATA[/wiki/:title]]>
              </value>
            </param>
            <param index="1">
              <value>
                <![CDATA[/tiki/HelloPage]]>
              </value>
            </param>
          </params>
        </test-method> <!-- notMatchPageByUriTemplate -->
        <test-method status="PASS" signature="notMatchPageByUriTemplate(java.lang.String, java.lang.String)[pri:0, instance:com.google.sitebricks.routing.PageBookImplTest@42197bb7]" name="notMatchPageByUriTemplate" duration-ms="1" started-at="2012-02-26T15:22:11Z" finished-at="2012-02-26T15:22:11Z">
          <params>
            <param index="0">
              <value>
                <![CDATA[/wiki/:title]]>
              </value>
            </param>
            <param index="1">
              <value>
                <![CDATA[/wiki/HelloPage%20/didle]]>
              </value>
            </param>
          </params>
        </test-method> <!-- notMatchPageByUriTemplate -->
        <test-method status="PASS" signature="notMatchPageByUriTemplate(java.lang.String, java.lang.String)[pri:0, instance:com.google.sitebricks.routing.PageBookImplTest@42197bb7]" name="notMatchPageByUriTemplate" duration-ms="1" started-at="2012-02-26T15:22:11Z" finished-at="2012-02-26T15:22:11Z">
          <params>
            <param index="0">
              <value>
                <![CDATA[/wiki/:title/dude]]>
              </value>
            </param>
            <param index="1">
              <value>
                <![CDATA[/wiki/HelloPage]]>
              </value>
            </param>
          </params>
        </test-method> <!-- notMatchPageByUriTemplate -->
        <test-method status="PASS" signature="notMatchPageByUriTemplate(java.lang.String, java.lang.String)[pri:0, instance:com.google.sitebricks.routing.PageBookImplTest@42197bb7]" name="notMatchPageByUriTemplate" duration-ms="1" started-at="2012-02-26T15:22:11Z" finished-at="2012-02-26T15:22:11Z">
          <params>
            <param index="0">
              <value>
                <![CDATA[/:title/thing]]>
              </value>
            </param>
            <param index="1">
              <value>
                <![CDATA[/wiki/thing/thingaling]]>
              </value>
            </param>
          </params>
        </test-method> <!-- notMatchPageByUriTemplate -->
        <test-method status="PASS" signature="notMatchPageByUriTemplate(java.lang.String, java.lang.String)[pri:0, instance:com.google.sitebricks.routing.PageBookImplTest@42197bb7]" name="notMatchPageByUriTemplate" duration-ms="1" started-at="2012-02-26T15:22:11Z" finished-at="2012-02-26T15:22:11Z">
          <params>
            <param index="0">
              <value>
                <![CDATA[/:title]]>
              </value>
            </param>
            <param index="1">
              <value>
                <![CDATA[/aposkdapoksd/12]]>
              </value>
            </param>
          </params>
        </test-method> <!-- notMatchPageByUriTemplate -->
        <test-method status="PASS" signature="storeAndRetrievePageInstance()[pri:0, instance:com.google.sitebricks.routing.PageBookImplTest@42197bb7]" name="storeAndRetrievePageInstance" duration-ms="3" started-at="2012-02-26T15:22:11Z" finished-at="2012-02-26T15:22:11Z">
        </test-method> <!-- storeAndRetrievePageInstance -->
      </class> <!-- com.google.sitebricks.routing.PageBookImplTest -->
      <class name="com.google.sitebricks.rendering.EvaluatorCompilerTest">
        <test-method status="PASS" signature="compileEvaluatorFromExpression()[pri:0, instance:com.google.sitebricks.rendering.EvaluatorCompilerTest@8542529]" name="compileEvaluatorFromExpression" duration-ms="1" started-at="2012-02-26T15:22:11Z" finished-at="2012-02-26T15:22:11Z">
        </test-method> <!-- compileEvaluatorFromExpression -->
        <test-method status="PASS" signature="compileExpressionIntegerTypeMatchInDeeperObjectGraph()[pri:0, instance:com.google.sitebricks.rendering.EvaluatorCompilerTest@8542529]" name="compileExpressionIntegerTypeMatchInDeeperObjectGraph" duration-ms="0" started-at="2012-02-26T15:22:11Z" finished-at="2012-02-26T15:22:11Z">
        </test-method> <!-- compileExpressionIntegerTypeMatchInDeeperObjectGraph -->
        <test-method status="PASS" signature="compileExpressionInvokingArbitraryMethod()[pri:0, instance:com.google.sitebricks.rendering.EvaluatorCompilerTest@8542529]" name="compileExpressionInvokingArbitraryMethod" duration-ms="1" started-at="2012-02-26T15:22:11Z" finished-at="2012-02-26T15:22:11Z">
        </test-method> <!-- compileExpressionInvokingArbitraryMethod -->
        <test-method status="PASS" signature="compileExpressionInvokingArbitraryMethodAndTestReturn()[pri:0, instance:com.google.sitebricks.rendering.EvaluatorCompilerTest@8542529]" name="compileExpressionInvokingArbitraryMethodAndTestReturn" duration-ms="1" started-at="2012-02-26T15:22:11Z" finished-at="2012-02-26T15:22:11Z">
        </test-method> <!-- compileExpressionInvokingArbitraryMethodAndTestReturn -->
        <test-method status="PASS" signature="compileExpressionInvokingArbitraryMethodThruInterface()[pri:0, instance:com.google.sitebricks.rendering.EvaluatorCompilerTest@8542529]" name="compileExpressionInvokingArbitraryMethodThruInterface" duration-ms="0" started-at="2012-02-26T15:22:11Z" finished-at="2012-02-26T15:22:11Z">
        </test-method> <!-- compileExpressionInvokingArbitraryMethodThruInterface -->
        <test-method status="PASS" signature="compileExpressionInvokingArbitraryMethodThruInterfaceAndRegular()[pri:0, instance:com.google.sitebricks.rendering.EvaluatorCompilerTest@8542529]" name="compileExpressionInvokingArbitraryMethodThruInterfaceAndRegular" duration-ms="0" started-at="2012-02-26T15:22:11Z" finished-at="2012-02-26T15:22:11Z">
        </test-method> <!-- compileExpressionInvokingArbitraryMethodThruInterfaceAndRegular -->
        <test-method status="PASS" signature="compileExpressionNumericTypeMatchInDeeperObjectGraph()[pri:0, instance:com.google.sitebricks.rendering.EvaluatorCompilerTest@8542529]" name="compileExpressionNumericTypeMatchInDeeperObjectGraph" duration-ms="2" started-at="2012-02-26T15:22:11Z" finished-at="2012-02-26T15:22:11Z">
        </test-method> <!-- compileExpressionNumericTypeMatchInDeeperObjectGraph -->
        <test-method status="PASS" signature="compileMethodMatchInDeeperObjectGraph()[pri:0, instance:com.google.sitebricks.rendering.EvaluatorCompilerTest@8542529]" name="compileMethodMatchInDeeperObjectGraph" duration-ms="1" started-at="2012-02-26T15:22:11Z" finished-at="2012-02-26T15:22:11Z">
        </test-method> <!-- compileMethodMatchInDeeperObjectGraph -->
        <test-method status="PASS" signature="determineEgressTypeParameter()[pri:0, instance:com.google.sitebricks.rendering.EvaluatorCompilerTest@8542529]" name="determineEgressTypeParameter" duration-ms="1" started-at="2012-02-26T15:22:11Z" finished-at="2012-02-26T15:22:11Z">
        </test-method> <!-- determineEgressTypeParameter -->
        <test-method status="PASS" signature="determineEgressTypeParameterInExpressionChain()[pri:0, instance:com.google.sitebricks.rendering.EvaluatorCompilerTest@8542529]" name="determineEgressTypeParameterInExpressionChain" duration-ms="1" started-at="2012-02-26T15:22:11Z" finished-at="2012-02-26T15:22:11Z">
        </test-method> <!-- determineEgressTypeParameterInExpressionChain -->
        <test-method status="PASS" signature="failCompileDueToNameMismatch()[pri:0, instance:com.google.sitebricks.rendering.EvaluatorCompilerTest@8542529]" name="failCompileDueToNameMismatch" duration-ms="0" started-at="2012-02-26T15:22:11Z" finished-at="2012-02-26T15:22:11Z">
          <exception class="com.google.sitebricks.compiler.ExpressionCompileException">
            <full-stacktrace>
              <![CDATA[com.google.sitebricks.compiler.ExpressionCompileException
	at com.google.sitebricks.compiler.MvelEvaluatorCompiler.compileExpression(MvelEvaluatorCompiler.java:132)
	at com.google.sitebricks.compiler.MvelEvaluatorCompiler.compile(MvelEvaluatorCompiler.java:98)
	at com.google.sitebricks.rendering.EvaluatorCompilerTest.failCompileDueToNameMismatch(EvaluatorCompilerTest.java:93)
	at sun.reflect.NativeMethodAccessorImpl.invoke0(Native Method)
	at sun.reflect.NativeMethodAccessorImpl.invoke(NativeMethodAccessorImpl.java:39)
	at sun.reflect.DelegatingMethodAccessorImpl.invoke(DelegatingMethodAccessorImpl.java:25)
	at java.lang.reflect.Method.invoke(Method.java:597)
	at org.testng.internal.MethodInvocationHelper.invokeMethod(MethodInvocationHelper.java:80)
	at org.testng.internal.Invoker.invokeMethod(Invoker.java:701)
	at org.testng.internal.Invoker.invokeTestMethod(Invoker.java:893)
	at org.testng.internal.Invoker.invokeTestMethods(Invoker.java:1218)
	at org.testng.internal.TestMethodWorker.invokeTestMethods(TestMethodWorker.java:127)
	at org.testng.internal.TestMethodWorker.run(TestMethodWorker.java:111)
	at org.testng.TestRunner.privateRun(TestRunner.java:768)
	at org.testng.TestRunner.run(TestRunner.java:617)
	at org.testng.SuiteRunner.runTest(SuiteRunner.java:334)
	at org.testng.SuiteRunner.runSequentially(SuiteRunner.java:329)
	at org.testng.SuiteRunner.privateRun(SuiteRunner.java:291)
	at org.testng.SuiteRunner.run(SuiteRunner.java:240)
	at org.testng.SuiteRunnerWorker.runSuite(SuiteRunnerWorker.java:53)
	at org.testng.SuiteRunnerWorker.run(SuiteRunnerWorker.java:87)
	at org.testng.TestNG.runSuitesSequentially(TestNG.java:1185)
	at org.testng.TestNG.runSuitesLocally(TestNG.java:1110)
	at org.testng.TestNG.run(TestNG.java:1022)
	at org.testng.remote.RemoteTestNG.run(RemoteTestNG.java:109)
	at org.testng.remote.RemoteTestNG.initAndRun(RemoteTestNG.java:202)
	at org.testng.remote.RemoteTestNG.main(RemoteTestNG.java:173)
]]>
            </full-stacktrace>
          </exception> <!-- com.google.sitebricks.compiler.ExpressionCompileException -->
        </test-method> <!-- failCompileDueToNameMismatch -->
        <test-method status="PASS" signature="failCompileDueToNameMismatchInDeeperObjectGraph()[pri:0, instance:com.google.sitebricks.rendering.EvaluatorCompilerTest@8542529]" name="failCompileDueToNameMismatchInDeeperObjectGraph" duration-ms="1" started-at="2012-02-26T15:22:11Z" finished-at="2012-02-26T15:22:11Z">
          <exception class="com.google.sitebricks.compiler.ExpressionCompileException">
            <full-stacktrace>
              <![CDATA[com.google.sitebricks.compiler.ExpressionCompileException
	at com.google.sitebricks.compiler.MvelEvaluatorCompiler.compileExpression(MvelEvaluatorCompiler.java:132)
	at com.google.sitebricks.compiler.MvelEvaluatorCompiler.compile(MvelEvaluatorCompiler.java:98)
	at com.google.sitebricks.rendering.EvaluatorCompilerTest.failCompileDueToNameMismatchInDeeperObjectGraph(EvaluatorCompilerTest.java:101)
	at sun.reflect.NativeMethodAccessorImpl.invoke0(Native Method)
	at sun.reflect.NativeMethodAccessorImpl.invoke(NativeMethodAccessorImpl.java:39)
	at sun.reflect.DelegatingMethodAccessorImpl.invoke(DelegatingMethodAccessorImpl.java:25)
	at java.lang.reflect.Method.invoke(Method.java:597)
	at org.testng.internal.MethodInvocationHelper.invokeMethod(MethodInvocationHelper.java:80)
	at org.testng.internal.Invoker.invokeMethod(Invoker.java:701)
	at org.testng.internal.Invoker.invokeTestMethod(Invoker.java:893)
	at org.testng.internal.Invoker.invokeTestMethods(Invoker.java:1218)
	at org.testng.internal.TestMethodWorker.invokeTestMethods(TestMethodWorker.java:127)
	at org.testng.internal.TestMethodWorker.run(TestMethodWorker.java:111)
	at org.testng.TestRunner.privateRun(TestRunner.java:768)
	at org.testng.TestRunner.run(TestRunner.java:617)
	at org.testng.SuiteRunner.runTest(SuiteRunner.java:334)
	at org.testng.SuiteRunner.runSequentially(SuiteRunner.java:329)
	at org.testng.SuiteRunner.privateRun(SuiteRunner.java:291)
	at org.testng.SuiteRunner.run(SuiteRunner.java:240)
	at org.testng.SuiteRunnerWorker.runSuite(SuiteRunnerWorker.java:53)
	at org.testng.SuiteRunnerWorker.run(SuiteRunnerWorker.java:87)
	at org.testng.TestNG.runSuitesSequentially(TestNG.java:1185)
	at org.testng.TestNG.runSuitesLocally(TestNG.java:1110)
	at org.testng.TestNG.run(TestNG.java:1022)
	at org.testng.remote.RemoteTestNG.run(RemoteTestNG.java:109)
	at org.testng.remote.RemoteTestNG.initAndRun(RemoteTestNG.java:202)
	at org.testng.remote.RemoteTestNG.main(RemoteTestNG.java:173)
]]>
            </full-stacktrace>
          </exception> <!-- com.google.sitebricks.compiler.ExpressionCompileException -->
        </test-method> <!-- failCompileDueToNameMismatchInDeeperObjectGraph -->
        <test-method status="PASS" signature="failCompileDueToNameMismatchInDeeperObjectGraph2()[pri:0, instance:com.google.sitebricks.rendering.EvaluatorCompilerTest@8542529]" name="failCompileDueToNameMismatchInDeeperObjectGraph2" duration-ms="1" started-at="2012-02-26T15:22:11Z" finished-at="2012-02-26T15:22:11Z">
          <exception class="com.google.sitebricks.compiler.ExpressionCompileException">
            <full-stacktrace>
              <![CDATA[com.google.sitebricks.compiler.ExpressionCompileException
	at com.google.sitebricks.compiler.MvelEvaluatorCompiler.compileExpression(MvelEvaluatorCompiler.java:132)
	at com.google.sitebricks.compiler.MvelEvaluatorCompiler.compile(MvelEvaluatorCompiler.java:98)
	at com.google.sitebricks.rendering.EvaluatorCompilerTest.failCompileDueToNameMismatchInDeeperObjectGraph2(EvaluatorCompilerTest.java:108)
	at sun.reflect.NativeMethodAccessorImpl.invoke0(Native Method)
	at sun.reflect.NativeMethodAccessorImpl.invoke(NativeMethodAccessorImpl.java:39)
	at sun.reflect.DelegatingMethodAccessorImpl.invoke(DelegatingMethodAccessorImpl.java:25)
	at java.lang.reflect.Method.invoke(Method.java:597)
	at org.testng.internal.MethodInvocationHelper.invokeMethod(MethodInvocationHelper.java:80)
	at org.testng.internal.Invoker.invokeMethod(Invoker.java:701)
	at org.testng.internal.Invoker.invokeTestMethod(Invoker.java:893)
	at org.testng.internal.Invoker.invokeTestMethods(Invoker.java:1218)
	at org.testng.internal.TestMethodWorker.invokeTestMethods(TestMethodWorker.java:127)
	at org.testng.internal.TestMethodWorker.run(TestMethodWorker.java:111)
	at org.testng.TestRunner.privateRun(TestRunner.java:768)
	at org.testng.TestRunner.run(TestRunner.java:617)
	at org.testng.SuiteRunner.runTest(SuiteRunner.java:334)
	at org.testng.SuiteRunner.runSequentially(SuiteRunner.java:329)
	at org.testng.SuiteRunner.privateRun(SuiteRunner.java:291)
	at org.testng.SuiteRunner.run(SuiteRunner.java:240)
	at org.testng.SuiteRunnerWorker.runSuite(SuiteRunnerWorker.java:53)
	at org.testng.SuiteRunnerWorker.run(SuiteRunnerWorker.java:87)
	at org.testng.TestNG.runSuitesSequentially(TestNG.java:1185)
	at org.testng.TestNG.runSuitesLocally(TestNG.java:1110)
	at org.testng.TestNG.run(TestNG.java:1022)
	at org.testng.remote.RemoteTestNG.run(RemoteTestNG.java:109)
	at org.testng.remote.RemoteTestNG.initAndRun(RemoteTestNG.java:202)
	at org.testng.remote.RemoteTestNG.main(RemoteTestNG.java:173)
]]>
            </full-stacktrace>
          </exception> <!-- com.google.sitebricks.compiler.ExpressionCompileException -->
        </test-method> <!-- failCompileDueToNameMismatchInDeeperObjectGraph2 -->
        <test-method status="PASS" signature="failCompileDueToPathMismatchInDeeperObjectGraph()[pri:0, instance:com.google.sitebricks.rendering.EvaluatorCompilerTest@8542529]" name="failCompileDueToPathMismatchInDeeperObjectGraph" duration-ms="1" started-at="2012-02-26T15:22:11Z" finished-at="2012-02-26T15:22:11Z">
          <exception class="com.google.sitebricks.compiler.ExpressionCompileException">
            <full-stacktrace>
              <![CDATA[com.google.sitebricks.compiler.ExpressionCompileException
	at com.google.sitebricks.compiler.MvelEvaluatorCompiler.compileExpression(MvelEvaluatorCompiler.java:132)
	at com.google.sitebricks.compiler.MvelEvaluatorCompiler.compile(MvelEvaluatorCompiler.java:98)
	at com.google.sitebricks.rendering.EvaluatorCompilerTest.failCompileDueToPathMismatchInDeeperObjectGraph(EvaluatorCompilerTest.java:154)
	at sun.reflect.NativeMethodAccessorImpl.invoke0(Native Method)
	at sun.reflect.NativeMethodAccessorImpl.invoke(NativeMethodAccessorImpl.java:39)
	at sun.reflect.DelegatingMethodAccessorImpl.invoke(DelegatingMethodAccessorImpl.java:25)
	at java.lang.reflect.Method.invoke(Method.java:597)
	at org.testng.internal.MethodInvocationHelper.invokeMethod(MethodInvocationHelper.java:80)
	at org.testng.internal.Invoker.invokeMethod(Invoker.java:701)
	at org.testng.internal.Invoker.invokeTestMethod(Invoker.java:893)
	at org.testng.internal.Invoker.invokeTestMethods(Invoker.java:1218)
	at org.testng.internal.TestMethodWorker.invokeTestMethods(TestMethodWorker.java:127)
	at org.testng.internal.TestMethodWorker.run(TestMethodWorker.java:111)
	at org.testng.TestRunner.privateRun(TestRunner.java:768)
	at org.testng.TestRunner.run(TestRunner.java:617)
	at org.testng.SuiteRunner.runTest(SuiteRunner.java:334)
	at org.testng.SuiteRunner.runSequentially(SuiteRunner.java:329)
	at org.testng.SuiteRunner.privateRun(SuiteRunner.java:291)
	at org.testng.SuiteRunner.run(SuiteRunner.java:240)
	at org.testng.SuiteRunnerWorker.runSuite(SuiteRunnerWorker.java:53)
	at org.testng.SuiteRunnerWorker.run(SuiteRunnerWorker.java:87)
	at org.testng.TestNG.runSuitesSequentially(TestNG.java:1185)
	at org.testng.TestNG.runSuitesLocally(TestNG.java:1110)
	at org.testng.TestNG.run(TestNG.java:1022)
	at org.testng.remote.RemoteTestNG.run(RemoteTestNG.java:109)
	at org.testng.remote.RemoteTestNG.initAndRun(RemoteTestNG.java:202)
	at org.testng.remote.RemoteTestNG.main(RemoteTestNG.java:173)
]]>
            </full-stacktrace>
          </exception> <!-- com.google.sitebricks.compiler.ExpressionCompileException -->
        </test-method> <!-- failCompileDueToPathMismatchInDeeperObjectGraph -->
        <test-method status="PASS" signature="failCompileExpressionInvokingArbitraryMethodThruInterface()[pri:0, instance:com.google.sitebricks.rendering.EvaluatorCompilerTest@8542529]" name="failCompileExpressionInvokingArbitraryMethodThruInterface" duration-ms="0" started-at="2012-02-26T15:22:11Z" finished-at="2012-02-26T15:22:11Z">
          <exception class="com.google.sitebricks.compiler.ExpressionCompileException">
            <full-stacktrace>
              <![CDATA[com.google.sitebricks.compiler.ExpressionCompileException
	at com.google.sitebricks.compiler.MvelEvaluatorCompiler.compileExpression(MvelEvaluatorCompiler.java:132)
	at com.google.sitebricks.compiler.MvelEvaluatorCompiler.compile(MvelEvaluatorCompiler.java:98)
	at com.google.sitebricks.rendering.EvaluatorCompilerTest.failCompileExpressionInvokingArbitraryMethodThruInterface(EvaluatorCompilerTest.java:54)
	at sun.reflect.NativeMethodAccessorImpl.invoke0(Native Method)
	at sun.reflect.NativeMethodAccessorImpl.invoke(NativeMethodAccessorImpl.java:39)
	at sun.reflect.DelegatingMethodAccessorImpl.invoke(DelegatingMethodAccessorImpl.java:25)
	at java.lang.reflect.Method.invoke(Method.java:597)
	at org.testng.internal.MethodInvocationHelper.invokeMethod(MethodInvocationHelper.java:80)
	at org.testng.internal.Invoker.invokeMethod(Invoker.java:701)
	at org.testng.internal.Invoker.invokeTestMethod(Invoker.java:893)
	at org.testng.internal.Invoker.invokeTestMethods(Invoker.java:1218)
	at org.testng.internal.TestMethodWorker.invokeTestMethods(TestMethodWorker.java:127)
	at org.testng.internal.TestMethodWorker.run(TestMethodWorker.java:111)
	at org.testng.TestRunner.privateRun(TestRunner.java:768)
	at org.testng.TestRunner.run(TestRunner.java:617)
	at org.testng.SuiteRunner.runTest(SuiteRunner.java:334)
	at org.testng.SuiteRunner.runSequentially(SuiteRunner.java:329)
	at org.testng.SuiteRunner.privateRun(SuiteRunner.java:291)
	at org.testng.SuiteRunner.run(SuiteRunner.java:240)
	at org.testng.SuiteRunnerWorker.runSuite(SuiteRunnerWorker.java:53)
	at org.testng.SuiteRunnerWorker.run(SuiteRunnerWorker.java:87)
	at org.testng.TestNG.runSuitesSequentially(TestNG.java:1185)
	at org.testng.TestNG.runSuitesLocally(TestNG.java:1110)
	at org.testng.TestNG.run(TestNG.java:1022)
	at org.testng.remote.RemoteTestNG.run(RemoteTestNG.java:109)
	at org.testng.remote.RemoteTestNG.initAndRun(RemoteTestNG.java:202)
	at org.testng.remote.RemoteTestNG.main(RemoteTestNG.java:173)
]]>
            </full-stacktrace>
          </exception> <!-- com.google.sitebricks.compiler.ExpressionCompileException -->
        </test-method> <!-- failCompileExpressionInvokingArbitraryMethodThruInterface -->
        <test-method status="PASS" signature="failCompileExpressionInvokingArbitraryMethodWithWrongArgs()[pri:0, instance:com.google.sitebricks.rendering.EvaluatorCompilerTest@8542529]" name="failCompileExpressionInvokingArbitraryMethodWithWrongArgs" duration-ms="0" started-at="2012-02-26T15:22:11Z" finished-at="2012-02-26T15:22:11Z">
          <exception class="com.google.sitebricks.compiler.ExpressionCompileException">
            <full-stacktrace>
              <![CDATA[com.google.sitebricks.compiler.ExpressionCompileException
	at com.google.sitebricks.compiler.MvelEvaluatorCompiler.compileExpression(MvelEvaluatorCompiler.java:132)
	at com.google.sitebricks.compiler.MvelEvaluatorCompiler.compile(MvelEvaluatorCompiler.java:98)
	at com.google.sitebricks.rendering.EvaluatorCompilerTest.failCompileExpressionInvokingArbitraryMethodWithWrongArgs(EvaluatorCompilerTest.java:86)
	at sun.reflect.NativeMethodAccessorImpl.invoke0(Native Method)
	at sun.reflect.NativeMethodAccessorImpl.invoke(NativeMethodAccessorImpl.java:39)
	at sun.reflect.DelegatingMethodAccessorImpl.invoke(DelegatingMethodAccessorImpl.java:25)
	at java.lang.reflect.Method.invoke(Method.java:597)
	at org.testng.internal.MethodInvocationHelper.invokeMethod(MethodInvocationHelper.java:80)
	at org.testng.internal.Invoker.invokeMethod(Invoker.java:701)
	at org.testng.internal.Invoker.invokeTestMethod(Invoker.java:893)
	at org.testng.internal.Invoker.invokeTestMethods(Invoker.java:1218)
	at org.testng.internal.TestMethodWorker.invokeTestMethods(TestMethodWorker.java:127)
	at org.testng.internal.TestMethodWorker.run(TestMethodWorker.java:111)
	at org.testng.TestRunner.privateRun(TestRunner.java:768)
	at org.testng.TestRunner.run(TestRunner.java:617)
	at org.testng.SuiteRunner.runTest(SuiteRunner.java:334)
	at org.testng.SuiteRunner.runSequentially(SuiteRunner.java:329)
	at org.testng.SuiteRunner.privateRun(SuiteRunner.java:291)
	at org.testng.SuiteRunner.run(SuiteRunner.java:240)
	at org.testng.SuiteRunnerWorker.runSuite(SuiteRunnerWorker.java:53)
	at org.testng.SuiteRunnerWorker.run(SuiteRunnerWorker.java:87)
	at org.testng.TestNG.runSuitesSequentially(TestNG.java:1185)
	at org.testng.TestNG.runSuitesLocally(TestNG.java:1110)
	at org.testng.TestNG.run(TestNG.java:1022)
	at org.testng.remote.RemoteTestNG.run(RemoteTestNG.java:109)
	at org.testng.remote.RemoteTestNG.initAndRun(RemoteTestNG.java:202)
	at org.testng.remote.RemoteTestNG.main(RemoteTestNG.java:173)
]]>
            </full-stacktrace>
          </exception> <!-- com.google.sitebricks.compiler.ExpressionCompileException -->
        </test-method> <!-- failCompileExpressionInvokingArbitraryMethodWithWrongArgs -->
      </class> <!-- com.google.sitebricks.rendering.EvaluatorCompilerTest -->
      <class name="com.google.sitebricks.headless.ReplyEdslTest">
        <test-method status="PASS" signature="entities()[pri:0, instance:com.google.sitebricks.headless.ReplyEdslTest@27b62aab]" name="entities" duration-ms="0" started-at="2012-02-26T15:22:11Z" finished-at="2012-02-26T15:22:11Z">
        </test-method> <!-- entities -->
        <test-method status="PASS" signature="replies()[pri:0, instance:com.google.sitebricks.headless.ReplyEdslTest@27b62aab]" name="replies" duration-ms="0" started-at="2012-02-26T15:22:11Z" finished-at="2012-02-26T15:22:11Z">
        </test-method> <!-- replies -->
      </class> <!-- com.google.sitebricks.headless.ReplyEdslTest -->
      <class name="com.google.sitebricks.binding.PropertyCacheTest">
        <test-method status="PASS" signature="doesPropertyExist()[pri:0, instance:com.google.sitebricks.binding.PropertyCacheTest@ee51b2c]" name="doesPropertyExist" duration-ms="2" started-at="2012-02-26T15:22:10Z" finished-at="2012-02-26T15:22:10Z">
        </test-method> <!-- doesPropertyExist -->
      </class> <!-- com.google.sitebricks.binding.PropertyCacheTest -->
      <class name="com.google.sitebricks.rendering.control.HeaderWidgetTest">
        <test-method status="PASS" signature="renderHeader()[pri:0, instance:com.google.sitebricks.rendering.control.HeaderWidgetTest@5f0ab09f]" name="renderHeader" duration-ms="0" started-at="2012-02-26T15:22:10Z" finished-at="2012-02-26T15:22:10Z">
        </test-method> <!-- renderHeader -->
        <test-method status="PASS" signature="renderHeaderWithContent()[pri:0, instance:com.google.sitebricks.rendering.control.HeaderWidgetTest@5f0ab09f]" name="renderHeaderWithContent" duration-ms="0" started-at="2012-02-26T15:22:10Z" finished-at="2012-02-26T15:22:10Z">
        </test-method> <!-- renderHeaderWithContent -->
      </class> <!-- com.google.sitebricks.rendering.control.HeaderWidgetTest -->
      <class name="com.google.sitebricks.rendering.control.ChooseWidgetTest">
        <test-method status="PASS" signature="chooseWidgetSelectTagRender()[pri:0, instance:com.google.sitebricks.rendering.control.ChooseWidgetTest@1fcef4f7]" name="chooseWidgetSelectTagRender" duration-ms="4" started-at="2012-02-26T15:22:11Z" finished-at="2012-02-26T15:22:11Z">
        </test-method> <!-- chooseWidgetSelectTagRender -->
      </class> <!-- com.google.sitebricks.rendering.control.ChooseWidgetTest -->
      <class name="com.google.sitebricks.rendering.resource.MimeTypesRegexIntegrationTest">
        <test-method status="PASS" signature="mimeTypeMatching(java.lang.String, java.lang.String)[pri:0, instance:com.google.sitebricks.rendering.resource.MimeTypesRegexIntegrationTest@286e4365]" name="mimeTypeMatching" duration-ms="1" started-at="2012-02-26T15:22:11Z" finished-at="2012-02-26T15:22:11Z">
          <params>
            <param index="0">
              <value>
                <![CDATA[/thing/holy.js]]>
              </value>
            </param>
            <param index="1">
              <value>
                <![CDATA[text/javascript]]>
              </value>
            </param>
          </params>
        </test-method> <!-- mimeTypeMatching -->
        <test-method status="PASS" signature="mimeTypeMatching(java.lang.String, java.lang.String)[pri:0, instance:com.google.sitebricks.rendering.resource.MimeTypesRegexIntegrationTest@286e4365]" name="mimeTypeMatching" duration-ms="1" started-at="2012-02-26T15:22:11Z" finished-at="2012-02-26T15:22:11Z">
          <params>
            <param index="0">
              <value>
                <![CDATA[/thing/%20blah.thingaly.xml]]>
              </value>
            </param>
            <param index="1">
              <value>
                <![CDATA[text/xml]]>
              </value>
            </param>
          </params>
        </test-method> <!-- mimeTypeMatching -->
        <test-method status="PASS" signature="mimeTypeMatching(java.lang.String, java.lang.String)[pri:0, instance:com.google.sitebricks.rendering.resource.MimeTypesRegexIntegrationTest@286e4365]" name="mimeTypeMatching" duration-ms="1" started-at="2012-02-26T15:22:11Z" finished-at="2012-02-26T15:22:11Z">
          <params>
            <param index="0">
              <value>
                <![CDATA[/thing/holy.js/nekkid.png]]>
              </value>
            </param>
            <param index="1">
              <value>
                <![CDATA[image/png]]>
              </value>
            </param>
          </params>
        </test-method> <!-- mimeTypeMatching -->
        <test-method status="PASS" signature="mimeTypeMatching(java.lang.String, java.lang.String)[pri:0, instance:com.google.sitebricks.rendering.resource.MimeTypesRegexIntegrationTest@286e4365]" name="mimeTypeMatching" duration-ms="0" started-at="2012-02-26T15:22:11Z" finished-at="2012-02-26T15:22:11Z">
          <params>
            <param index="0">
              <value>
                <![CDATA[/thing/%20blah.thingalyxml]]>
              </value>
            </param>
            <param index="1">
              <value>
                <![CDATA[text/plain]]>
              </value>
            </param>
          </params>
        </test-method> <!-- mimeTypeMatching -->
      </class> <!-- com.google.sitebricks.rendering.resource.MimeTypesRegexIntegrationTest -->
      <class name="com.google.sitebricks.http.negotiate.ExactMatchNegotiatorTest">
        <test-method status="PASS" signature="variousHeadersAndNegotiations(java.util.Map, com.google.common.collect.Multimap, boolean)[pri:0, instance:com.google.sitebricks.http.negotiate.ExactMatchNegotiatorTest@17094d48]" name="variousHeadersAndNegotiations" duration-ms="7" started-at="2012-02-26T15:22:11Z" finished-at="2012-02-26T15:22:11Z">
          <params>
            <param index="0">
              <value>
                <![CDATA[{}]]>
              </value>
            </param>
            <param index="1">
              <value>
                <![CDATA[{}]]>
              </value>
            </param>
            <param index="2">
              <value>
                <![CDATA[true]]>
              </value>
            </param>
          </params>
        </test-method> <!-- variousHeadersAndNegotiations -->
        <test-method status="PASS" signature="variousHeadersAndNegotiations(java.util.Map, com.google.common.collect.Multimap, boolean)[pri:0, instance:com.google.sitebricks.http.negotiate.ExactMatchNegotiatorTest@17094d48]" name="variousHeadersAndNegotiations" duration-ms="0" started-at="2012-02-26T15:22:11Z" finished-at="2012-02-26T15:22:11Z">
          <params>
            <param index="0">
              <value>
                <![CDATA[{Accept=thing}]]>
              </value>
            </param>
            <param index="1">
              <value>
                <![CDATA[{}]]>
              </value>
            </param>
            <param index="2">
              <value>
                <![CDATA[false]]>
              </value>
            </param>
          </params>
        </test-method> <!-- variousHeadersAndNegotiations -->
        <test-method status="PASS" signature="variousHeadersAndNegotiations(java.util.Map, com.google.common.collect.Multimap, boolean)[pri:0, instance:com.google.sitebricks.http.negotiate.ExactMatchNegotiatorTest@17094d48]" name="variousHeadersAndNegotiations" duration-ms="2" started-at="2012-02-26T15:22:11Z" finished-at="2012-02-26T15:22:11Z">
          <params>
            <param index="0">
              <value>
                <![CDATA[{}]]>
              </value>
            </param>
            <param index="1">
              <value>
                <![CDATA[{Accept=[image/png]}]]>
              </value>
            </param>
            <param index="2">
              <value>
                <![CDATA[true]]>
              </value>
            </param>
          </params>
        </test-method> <!-- variousHeadersAndNegotiations -->
        <test-method status="PASS" signature="variousHeadersAndNegotiations(java.util.Map, com.google.common.collect.Multimap, boolean)[pri:0, instance:com.google.sitebricks.http.negotiate.ExactMatchNegotiatorTest@17094d48]" name="variousHeadersAndNegotiations" duration-ms="1" started-at="2012-02-26T15:22:11Z" finished-at="2012-02-26T15:22:11Z">
          <params>
            <param index="0">
              <value>
                <![CDATA[{Accept=thing}]]>
              </value>
            </param>
            <param index="1">
              <value>
                <![CDATA[{Accept=[image/png]}]]>
              </value>
            </param>
            <param index="2">
              <value>
                <![CDATA[false]]>
              </value>
            </param>
          </params>
        </test-method> <!-- variousHeadersAndNegotiations -->
        <test-method status="PASS" signature="variousHeadersAndNegotiations(java.util.Map, com.google.common.collect.Multimap, boolean)[pri:0, instance:com.google.sitebricks.http.negotiate.ExactMatchNegotiatorTest@17094d48]" name="variousHeadersAndNegotiations" duration-ms="0" started-at="2012-02-26T15:22:11Z" finished-at="2012-02-26T15:22:11Z">
          <params>
            <param index="0">
              <value>
                <![CDATA[{Accept=thing}]]>
              </value>
            </param>
            <param index="1">
              <value>
                <![CDATA[{Content-Accept=[image/png]}]]>
              </value>
            </param>
            <param index="2">
              <value>
                <![CDATA[false]]>
              </value>
            </param>
          </params>
        </test-method> <!-- variousHeadersAndNegotiations -->
[...]
          <params>
            <param index="0">
              <value>
                <![CDATA[{Accept=image/*, text/plain, text/*}]]>
              </value>
            </param>
            <param index="1">
              <value>
                <![CDATA[{Accept=[nonthing, text/html, image/tiff]}]]>
              </value>
            </param>
            <param index="2">
              <value>
                <![CDATA[true]]>
              </value>
            </param>
          </params>
        </test-method> <!-- variousHeadersAndNegotiations -->
        <test-method status="PASS" signature="variousHeadersAndNegotiations(java.util.Map, com.google.common.collect.Multimap, boolean)[pri:0, instance:com.google.sitebricks.http.negotiate.WildcardNegotiatorTest@6833f0de]" name="variousHeadersAndNegotiations" duration-ms="0" started-at="2012-02-26T15:22:11Z" finished-at="2012-02-26T15:22:11Z">
          <params>
            <param index="0">
              <value>
                <![CDATA[{Accept=thing, text/foo, text/plain}]]>
              </value>
            </param>
            <param index="1">
              <value>
                <![CDATA[{Accept=[nonthing, text/*]}]]>
              </value>
            </param>
            <param index="2">
              <value>
                <![CDATA[true]]>
              </value>
            </param>
          </params>
        </test-method> <!-- variousHeadersAndNegotiations -->
        <test-method status="PASS" signature="variousHeadersAndNegotiations(java.util.Map, com.google.common.collect.Multimap, boolean)[pri:0, instance:com.google.sitebricks.http.negotiate.WildcardNegotiatorTest@6833f0de]" name="variousHeadersAndNegotiations" duration-ms="1" started-at="2012-02-26T15:22:11Z" finished-at="2012-02-26T15:22:11Z">
          <params>
            <param index="0">
              <value>
                <![CDATA[{Accept=image/png, text/plain, text/ual}]]>
              </value>
            </param>
            <param index="1">
              <value>
                <![CDATA[{Accept=[nonthing, text/html, image/*]}]]>
              </value>
            </param>
            <param index="2">
              <value>
                <![CDATA[true]]>
              </value>
            </param>
          </params>
        </test-method> <!-- variousHeadersAndNegotiations -->
        <test-method status="PASS" signature="variousHeadersAndNegotiations(java.util.Map, com.google.common.collect.Multimap, boolean)[pri:0, instance:com.google.sitebricks.http.negotiate.WildcardNegotiatorTest@6833f0de]" name="variousHeadersAndNegotiations" duration-ms="1" started-at="2012-02-26T15:22:11Z" finished-at="2012-02-26T15:22:11Z">
          <params>
            <param index="0">
              <value>
                <![CDATA[{Accept=application/xhtml+xml, application/xml}]]>
              </value>
            </param>
            <param index="1">
              <value>
                <![CDATA[{Accept=[text/html,application/xhtml+xml,application/xml;q=0.9,*/*;q=0.8]}]]>
              </value>
            </param>
            <param index="2">
              <value>
                <![CDATA[true]]>
              </value>
            </param>
          </params>
        </test-method> <!-- variousHeadersAndNegotiations -->
        <test-method status="PASS" signature="variousHeadersAndNegotiations(java.util.Map, com.google.common.collect.Multimap, boolean)[pri:0, instance:com.google.sitebricks.http.negotiate.WildcardNegotiatorTest@6833f0de]" name="variousHeadersAndNegotiations" duration-ms="0" started-at="2012-02-26T15:22:11Z" finished-at="2012-02-26T15:22:11Z">
          <params>
            <param index="0">
              <value>
                <![CDATA[{Accept=text/html}]]>
              </value>
            </param>
            <param index="1">
              <value>
                <![CDATA[{Accept=[text/*;q=0.3, text/html;q=0.7, text/html;level=1, text/html;level=2;q=0.4, */*;q=0.5]}]]>
              </value>
            </param>
            <param index="2">
              <value>
                <![CDATA[true]]>
              </value>
            </param>
          </params>
        </test-method> <!-- variousHeadersAndNegotiations -->
        <test-method status="PASS" signature="variousHeadersAndNegotiations(java.util.Map, com.google.common.collect.Multimap, boolean)[pri:0, instance:com.google.sitebricks.http.negotiate.WildcardNegotiatorTest@6833f0de]" name="variousHeadersAndNegotiations" duration-ms="0" started-at="2012-02-26T15:22:11Z" finished-at="2012-02-26T15:22:11Z">
          <params>
            <param index="0">
              <value>
                <![CDATA[{Accept=application/xhtml+xml, application/xml}]]>
              </value>
            </param>
            <param index="1">
              <value>
                <![CDATA[{Accept=[text/html,application/xhtml+xml,application/xml;q=0.9,*/*;q=0.8]}]]>
              </value>
            </param>
            <param index="2">
              <value>
                <![CDATA[true]]>
              </value>
            </param>
          </params>
        </test-method> <!-- variousHeadersAndNegotiations -->
        <test-method status="PASS" signature="variousHeadersAndNegotiations(java.util.Map, com.google.common.collect.Multimap, boolean)[pri:0, instance:com.google.sitebricks.http.negotiate.WildcardNegotiatorTest@6833f0de]" name="variousHeadersAndNegotiations" duration-ms="1" started-at="2012-02-26T15:22:11Z" finished-at="2012-02-26T15:22:11Z">
          <params>
            <param index="0">
              <value>
                <![CDATA[{Accept=application/x-silverlight, application/ho-ho-ho}]]>
              </value>
            </param>
            <param index="1">
              <value>
                <![CDATA[{Accept=[image/gif, image/jpeg, image/pjpeg, application/x-ms-application, application/msword, application/vnd.ms-xpsdocument, application/xaml+xml, application/x-ms-xbap, application/x-shockwave-flash, application/x-silverlight-2-b2, application/x-silverlight, application/vnd.ms-excel, application/vnd.ms-powerpoint, */*]}]]>
              </value>
            </param>
            <param index="2">
              <value>
                <![CDATA[true]]>
              </value>
            </param>
          </params>
        </test-method> <!-- variousHeadersAndNegotiations -->
        <test-method status="PASS" signature="variousHeadersAndNegotiations(java.util.Map, com.google.common.collect.Multimap, boolean)[pri:0, instance:com.google.sitebricks.http.negotiate.WildcardNegotiatorTest@6833f0de]" name="variousHeadersAndNegotiations" duration-ms="0" started-at="2012-02-26T15:22:11Z" finished-at="2012-02-26T15:22:11Z">
          <params>
            <param index="0">
              <value>
                <![CDATA[{Accept=application/xhtml+xml, application/xml}]]>
              </value>
            </param>
            <param index="1">
              <value>
                <![CDATA[{Accept=[application/xml,application/xhtml+xml,text/html;q=0.9, text/plain;q=0.8,image/png,*/*;q=0.5]}]]>
              </value>
            </param>
            <param index="2">
              <value>
                <![CDATA[true]]>
              </value>
            </param>
          </params>
        </test-method> <!-- variousHeadersAndNegotiations -->
      </class> <!-- com.google.sitebricks.http.negotiate.WildcardNegotiatorTest -->
      <class name="com.google.sitebricks.compiler.HtmlTemplateCompilerTest">
        <test-method status="PASS" signature="pre()[pri:0, instance:com.google.sitebricks.compiler.HtmlTemplateCompilerTest@63b0bdc8]" name="pre" is-config="true" duration-ms="2" started-at="2012-02-26T15:22:10Z" finished-at="2012-02-26T15:22:10Z">
        </test-method> <!-- pre -->
        <test-method status="PASS" signature="annotationKeyExtraction()[pri:0, instance:com.google.sitebricks.compiler.HtmlTemplateCompilerTest@63b0bdc8]" name="annotationKeyExtraction" duration-ms="0" started-at="2012-02-26T15:22:10Z" finished-at="2012-02-26T15:22:10Z">
        </test-method> <!-- annotationKeyExtraction -->
        <test-method status="PASS" signature="pre()[pri:0, instance:com.google.sitebricks.compiler.HtmlTemplateCompilerTest@63b0bdc8]" name="pre" is-config="true" duration-ms="1" started-at="2012-02-26T15:22:10Z" finished-at="2012-02-26T15:22:10Z">
        </test-method> <!-- pre -->
        <test-method status="PASS" signature="readAWidgetWithVariousExpressions(java.lang.String)[pri:0, instance:com.google.sitebricks.compiler.HtmlTemplateCompilerTest@63b0bdc8]" name="readAWidgetWithVariousExpressions" duration-ms="42" started-at="2012-02-26T15:22:10Z" finished-at="2012-02-26T15:22:10Z">
          <params>
            <param index="0">
              <value>
                <![CDATA[true]]>
              </value>
            </param>
          </params>
        </test-method> <!-- readAWidgetWithVariousExpressions -->
        <test-method status="PASS" signature="pre()[pri:0, instance:com.google.sitebricks.compiler.HtmlTemplateCompilerTest@63b0bdc8]" name="pre" is-config="true" duration-ms="1" started-at="2012-02-26T15:22:10Z" finished-at="2012-02-26T15:22:10Z">
        </test-method> <!-- pre -->
        <test-method status="PASS" signature="readAWidgetWithVariousExpressions(java.lang.String)[pri:0, instance:com.google.sitebricks.compiler.HtmlTemplateCompilerTest@63b0bdc8]" name="readAWidgetWithVariousExpressions" duration-ms="2" started-at="2012-02-26T15:22:10Z" finished-at="2012-02-26T15:22:10Z">
          <params>
            <param index="0">
              <value>
                <![CDATA[java.lang.Boolean.TRUE]]>
              </value>
            </param>
          </params>
        </test-method> <!-- readAWidgetWithVariousExpressions -->
        <test-method status="PASS" signature="pre()[pri:0, instance:com.google.sitebricks.compiler.HtmlTemplateCompilerTest@63b0bdc8]" name="pre" is-config="true" duration-ms="1" started-at="2012-02-26T15:22:10Z" finished-at="2012-02-26T15:22:10Z">
        </test-method> <!-- pre -->
        <test-method status="PASS" signature="readAWidgetWithVariousExpressions(java.lang.String)[pri:0, instance:com.google.sitebricks.compiler.HtmlTemplateCompilerTest@63b0bdc8]" name="readAWidgetWithVariousExpressions" duration-ms="3" started-at="2012-02-26T15:22:10Z" finished-at="2012-02-26T15:22:10Z">
          <params>
            <param index="0">
              <value>
                <![CDATA[java.lang.Boolean.valueOf('true')]]>
              </value>
            </param>
          </params>
        </test-method> <!-- readAWidgetWithVariousExpressions -->
        <test-method status="PASS" signature="pre()[pri:0, instance:com.google.sitebricks.compiler.HtmlTemplateCompilerTest@63b0bdc8]" name="pre" is-config="true" duration-ms="1" started-at="2012-02-26T15:22:10Z" finished-at="2012-02-26T15:22:10Z">
        </test-method> <!-- pre -->
        <test-method status="PASS" signature="readAWidgetWithVariousExpressions(java.lang.String)[pri:0, instance:com.google.sitebricks.compiler.HtmlTemplateCompilerTest@63b0bdc8]" name="readAWidgetWithVariousExpressions" duration-ms="2" started-at="2012-02-26T15:22:10Z" finished-at="2012-02-26T15:22:10Z">
          <params>
            <param index="0">
              <value>
                <![CDATA['x' == 'x']]>
              </value>
            </param>
          </params>
        </test-method> <!-- readAWidgetWithVariousExpressions -->
        <test-method status="PASS" signature="pre()[pri:0, instance:com.google.sitebricks.compiler.HtmlTemplateCompilerTest@63b0bdc8]" name="pre" is-config="true" duration-ms="1" started-at="2012-02-26T15:22:10Z" finished-at="2012-02-26T15:22:10Z">
        </test-method> <!-- pre -->
        <test-method status="PASS" signature="readAWidgetWithVariousExpressions(java.lang.String)[pri:0, instance:com.google.sitebricks.compiler.HtmlTemplateCompilerTest@63b0bdc8]" name="readAWidgetWithVariousExpressions" duration-ms="2" started-at="2012-02-26T15:22:10Z" finished-at="2012-02-26T15:22:10Z">
          <params>
            <param index="0">
              <value>
                <![CDATA["x" == "x"]]>
              </value>
            </param>
          </params>
        </test-method> <!-- readAWidgetWithVariousExpressions -->
        <test-method status="PASS" signature="pre()[pri:0, instance:com.google.sitebricks.compiler.HtmlTemplateCompilerTest@63b0bdc8]" name="pre" is-config="true" duration-ms="1" started-at="2012-02-26T15:22:10Z" finished-at="2012-02-26T15:22:10Z">
        </test-method> <!-- pre -->
        <test-method status="PASS" signature="readAWidgetWithVariousExpressions(java.lang.String)[pri:0, instance:com.google.sitebricks.compiler.HtmlTemplateCompilerTest@63b0bdc8]" name="readAWidgetWithVariousExpressions" duration-ms="2" started-at="2012-02-26T15:22:10Z" finished-at="2012-02-26T15:22:10Z">
          <params>
            <param index="0">
              <value>
                <![CDATA['hello' instanceof java.io.Serializable]]>
              </value>
            </param>
          </params>
        </test-method> <!-- readAWidgetWithVariousExpressions -->
        <test-method status="PASS" signature="pre()[pri:0, instance:com.google.sitebricks.compiler.HtmlTemplateCompilerTest@63b0bdc8]" name="pre" is-config="true" duration-ms="1" started-at="2012-02-26T15:22:10Z" finished-at="2012-02-26T15:22:10Z">
        </test-method> <!-- pre -->
        <test-method status="PASS" signature="readAWidgetWithVariousExpressions(java.lang.String)[pri:0, instance:com.google.sitebricks.compiler.HtmlTemplateCompilerTest@63b0bdc8]" name="readAWidgetWithVariousExpressions" duration-ms="3" started-at="2012-02-26T15:22:10Z" finished-at="2012-02-26T15:22:10Z">
          <params>
            <param index="0">
              <value>
                <![CDATA[true; return true]]>
              </value>
            </param>
          </params>
        </test-method> <!-- readAWidgetWithVariousExpressions -->
        <test-method status="PASS" signature="pre()[pri:0, instance:com.google.sitebricks.compiler.HtmlTemplateCompilerTest@63b0bdc8]" name="pre" is-config="true" duration-ms="1" started-at="2012-02-26T15:22:10Z" finished-at="2012-02-26T15:22:10Z">
        </test-method> <!-- pre -->
        <test-method status="PASS" signature="readAWidgetWithVariousExpressions(java.lang.String)[pri:0, instance:com.google.sitebricks.compiler.HtmlTemplateCompilerTest@63b0bdc8]" name="readAWidgetWithVariousExpressions" duration-ms="3" started-at="2012-02-26T15:22:10Z" finished-at="2012-02-26T15:22:10Z">
          <params>
            <param index="0">
              <value>
                <![CDATA[ 5 >= 2 ]]>
              </value>
            </param>
          </params>
        </test-method> <!-- readAWidgetWithVariousExpressions -->
        <test-method status="PASS" signature="pre()[pri:0, instance:com.google.sitebricks.compiler.HtmlTemplateCompilerTest@63b0bdc8]" name="pre" is-config="true" duration-ms="1" started-at="2012-02-26T15:22:10Z" finished-at="2012-02-26T15:22:10Z">
        </test-method> <!-- pre -->
        <test-method status="PASS" signature="readAndRenderRequireWidget()[pri:0, instance:com.google.sitebricks.compiler.HtmlTemplateCompilerTest@63b0bdc8]" name="readAndRenderRequireWidget" duration-ms="4" started-at="2012-02-26T15:22:10Z" finished-at="2012-02-26T15:22:10Z">
        </test-method> <!-- readAndRenderRequireWidget -->
        <test-method status="PASS" signature="pre()[pri:0, instance:com.google.sitebricks.compiler.HtmlTemplateCompilerTest@63b0bdc8]" name="pre" is-config="true" duration-ms="1" started-at="2012-02-26T15:22:10Z" finished-at="2012-02-26T15:22:10Z">
        </test-method> <!-- pre -->
        <test-method status="PASS" signature="readEmbedWidgetAndStoreAsPage()[pri:0, instance:com.google.sitebricks.compiler.HtmlTemplateCompilerTest@63b0bdc8]" name="readEmbedWidgetAndStoreAsPage" duration-ms="2" started-at="2012-02-26T15:22:10Z" finished-at="2012-02-26T15:22:10Z">
        </test-method> <!-- readEmbedWidgetAndStoreAsPage -->
        <test-method status="PASS" signature="pre()[pri:0, instance:com.google.sitebricks.compiler.HtmlTemplateCompilerTest@63b0bdc8]" name="pre" is-config="true" duration-ms="4" started-at="2012-02-26T15:22:10Z" finished-at="2012-02-26T15:22:10Z">
        </test-method> <!-- pre -->
        <test-method status="PASS" signature="readEmbedWidgetOnly()[pri:0, instance:com.google.sitebricks.compiler.HtmlTemplateCompilerTest@63b0bdc8]" name="readEmbedWidgetOnly" duration-ms="3" started-at="2012-02-26T15:22:10Z" finished-at="2012-02-26T15:22:10Z">
        </test-method> <!-- readEmbedWidgetOnly -->
        <test-method status="PASS" signature="pre()[pri:0, instance:com.google.sitebricks.compiler.HtmlTemplateCompilerTest@63b0bdc8]" name="pre" is-config="true" duration-ms="1" started-at="2012-02-26T15:22:10Z" finished-at="2012-02-26T15:22:10Z">
        </test-method> <!-- pre -->
        <test-method status="PASS" signature="readHtmlWidget()[pri:0, instance:com.google.sitebricks.compiler.HtmlTemplateCompilerTest@63b0bdc8]" name="readHtmlWidget" duration-ms="2" started-at="2012-02-26T15:22:10Z" finished-at="2012-02-26T15:22:10Z">
        </test-method> <!-- readHtmlWidget -->
        <test-method status="PASS" signature="pre()[pri:0, instance:com.google.sitebricks.compiler.HtmlTemplateCompilerTest@63b0bdc8]" name="pre" is-config="true" duration-ms="1" started-at="2012-02-26T15:22:10Z" finished-at="2012-02-26T15:22:10Z">
        </test-method> <!-- pre -->
        <test-method status="PASS" signature="readHtmlWidgetWithChildren()[pri:0, instance:com.google.sitebricks.compiler.HtmlTemplateCompilerTest@63b0bdc8]" name="readHtmlWidgetWithChildren" duration-ms="3" started-at="2012-02-26T15:22:10Z" finished-at="2012-02-26T15:22:10Z">
        </test-method> <!-- readHtmlWidgetWithChildren -->
        <test-method status="PASS" signature="pre()[pri:0, instance:com.google.sitebricks.compiler.HtmlTemplateCompilerTest@63b0bdc8]" name="pre" is-config="true" duration-ms="1" started-at="2012-02-26T15:22:10Z" finished-at="2012-02-26T15:22:10Z">
        </test-method> <!-- pre -->
        <test-method status="PASS" signature="readShowIfWidgetFalse()[pri:0, instance:com.google.sitebricks.compiler.HtmlTemplateCompilerTest@63b0bdc8]" name="readShowIfWidgetFalse" duration-ms="1" started-at="2012-02-26T15:22:10Z" finished-at="2012-02-26T15:22:10Z">
        </test-method> <!-- readShowIfWidgetFalse -->
        <test-method status="PASS" signature="pre()[pri:0, instance:com.google.sitebricks.compiler.HtmlTemplateCompilerTest@63b0bdc8]" name="pre" is-config="true" duration-ms="1" started-at="2012-02-26T15:22:10Z" finished-at="2012-02-26T15:22:10Z">
        </test-method> <!-- pre -->
        <test-method status="PASS" signature="readShowIfWidgetTrue()[pri:0, instance:com.google.sitebricks.compiler.HtmlTemplateCompilerTest@63b0bdc8]" name="readShowIfWidgetTrue" duration-ms="2" started-at="2012-02-26T15:22:10Z" finished-at="2012-02-26T15:22:10Z">
        </test-method> <!-- readShowIfWidgetTrue -->
        <test-method status="PASS" signature="pre()[pri:0, instance:com.google.sitebricks.compiler.HtmlTemplateCompilerTest@63b0bdc8]" name="pre" is-config="true" duration-ms="1" started-at="2012-02-26T15:22:10Z" finished-at="2012-02-26T15:22:10Z">
        </test-method> <!-- pre -->
        <test-method status="PASS" signature="readTextWidgetValues()[pri:0, instance:com.google.sitebricks.compiler.HtmlTemplateCompilerTest@63b0bdc8]" name="readTextWidgetValues" duration-ms="2" started-at="2012-02-26T15:22:10Z" finished-at="2012-02-26T15:22:10Z">
        </test-method> <!-- readTextWidgetValues -->
      </class> <!-- com.google.sitebricks.compiler.HtmlTemplateCompilerTest -->
    </test> <!-- Default test -->
  </suite> <!-- Default suite -->
</testng-results>
