<?xml version="1.0" encoding="UTF-8"?>
<!-- Generated by org.testng.reporters.JUnitXMLReporter -->
<testsuite hostname="JVZ2.local" name="Default test" tests="311" failures="0" timestamp="26 Feb 2012 20:22:11 GMT" time="1.732" errors="0">
  <testcase name="annotationKeyExtraction" time="0.0040" classname="com.google.sitebricks.compiler.XmlTemplateCompilerTest"/>
  <testcase name="readAWidgetWithVariousExpressions" time="0.115" classname="com.google.sitebricks.compiler.XmlTemplateCompilerTest"/>
  <testcase name="readAWidgetWithVariousExpressions" time="0.026" classname="com.google.sitebricks.compiler.XmlTemplateCompilerTest"/>
  <testcase name="readAWidgetWithVariousExpressions" time="0.0050" classname="com.google.sitebricks.compiler.XmlTemplateCompilerTest"/>
  <testcase name="readAWidgetWithVariousExpressions" time="0.0050" classname="com.google.sitebricks.compiler.XmlTemplateCompilerTest"/>
  <testcase name="readAWidgetWithVariousExpressions" time="0.0020" classname="com.google.sitebricks.compiler.XmlTemplateCompilerTest"/>
  <testcase name="readAWidgetWithVariousExpressions" time="0.0030" classname="com.google.sitebricks.compiler.XmlTemplateCompilerTest"/>
  <testcase name="readAWidgetWithVariousExpressions" time="0.0030" classname="com.google.sitebricks.compiler.XmlTemplateCompilerTest"/>
  <testcase name="readAWidgetWithVariousExpressions" time="0.0030" classname="com.google.sitebricks.compiler.XmlTemplateCompilerTest"/>
  <testcase name="readAndRenderRequireWidget" time="0.029" classname="com.google.sitebricks.compiler.XmlTemplateCompilerTest"/>
  <testcase name="readEmbedWidgetAndStoreAsPage" time="0.034" classname="com.google.sitebricks.compiler.XmlTemplateCompilerTest"/>
  <testcase name="readEmbedWidgetOnly" time="0.0040" classname="com.google.sitebricks.compiler.XmlTemplateCompilerTest"/>
  <testcase name="readShowIfWidgetFalse" time="0.0030" classname="com.google.sitebricks.compiler.XmlTemplateCompilerTest"/>
  <testcase name="readShowIfWidgetTrue" time="0.0020" classname="com.google.sitebricks.compiler.XmlTemplateCompilerTest"/>
  <testcase name="readTextWidgetValues" time="0.0040" classname="com.google.sitebricks.compiler.XmlTemplateCompilerTest"/>
  <testcase name="readXmlWidget" time="0.0020" classname="com.google.sitebricks.compiler.XmlTemplateCompilerTest"/>
  <testcase name="readXmlWidgetWithChildren" time="0.0040" classname="com.google.sitebricks.compiler.XmlTemplateCompilerTest"/>
  <testcase name="findMatchVariables" time="0.0010" classname="com.google.sitebricks.routing.PathMatcherTest"/>
  <testcase name="findMatchVariables" time="0.0" classname="com.google.sitebricks.routing.PathMatcherTest"/>
  <testcase name="findMatchVariables" time="0.0" classname="com.google.sitebricks.routing.PathMatcherTest"/>
  <testcase name="matchExactUriPath" time="0.0" classname="com.google.sitebricks.routing.PathMatcherTest"/>
  <testcase name="matchExactUriPath" time="0.0" classname="com.google.sitebricks.routing.PathMatcherTest"/>
  <testcase name="matchExactUriPath" time="0.0" classname="com.google.sitebricks.routing.PathMatcherTest"/>
  <testcase name="matchExactUriPath" time="0.0" classname="com.google.sitebricks.routing.PathMatcherTest"/>
  <testcase name="matchGreedy" time="0.0" classname="com.google.sitebricks.routing.PathMatcherTest"/>
  <testcase name="matchGreedy" time="0.0" classname="com.google.sitebricks.routing.PathMatcherTest"/>
  <testcase name="matchGreedy" time="0.0010" classname="com.google.sitebricks.routing.PathMatcherTest"/>
  <testcase name="matchGreedy" time="0.0" classname="com.google.sitebricks.routing.PathMatcherTest"/>
  <testcase name="matchPathTemplate" time="0.0" classname="com.google.sitebricks.routing.PathMatcherTest"/>
  <testcase name="matchPathTemplate" time="0.0" classname="com.google.sitebricks.routing.PathMatcherTest"/>
  <testcase name="matchPathTemplate" time="0.0" classname="com.google.sitebricks.routing.PathMatcherTest"/>
  <testcase name="matchPathTemplate" time="0.0010" classname="com.google.sitebricks.routing.PathMatcherTest"/>
  <testcase name="matchPathTemplate" time="0.0010" classname="com.google.sitebricks.routing.PathMatcherTest"/>
  <testcase name="matchPathTemplate" time="0.0" classname="com.google.sitebricks.routing.PathMatcherTest"/>
  <testcase name="matchPathTemplate" time="0.0" classname="com.google.sitebricks.routing.PathMatcherTest"/>
  <testcase name="matchPathTemplate" time="0.0" classname="com.google.sitebricks.routing.PathMatcherTest"/>
  <testcase name="notFindMatchVariables" time="0.0010" classname="com.google.sitebricks.routing.PathMatcherTest"/>
  <testcase name="notFindMatchVariables" time="0.0010" classname="com.google.sitebricks.routing.PathMatcherTest"/>
  <testcase name="notFindMatchVariables" time="0.0010" classname="com.google.sitebricks.routing.PathMatcherTest"/>
  <testcase name="notMatchPathTemplate" time="0.0010" classname="com.google.sitebricks.routing.PathMatcherTest"/>
  <testcase name="notMatchPathTemplate" time="0.0" classname="com.google.sitebricks.routing.PathMatcherTest"/>
  <testcase name="notMatchPathTemplate" time="0.0010" classname="com.google.sitebricks.routing.PathMatcherTest"/>
  <testcase name="notMatchPathTemplate" time="0.0" classname="com.google.sitebricks.routing.PathMatcherTest"/>
  <testcase name="notMatchPathTemplate" time="0.0010" classname="com.google.sitebricks.routing.PathMatcherTest"/>
  <testcase name="notMatchPathTemplate" time="0.0" classname="com.google.sitebricks.routing.PathMatcherTest"/>
  <testcase name="notMatchPathTemplate" time="0.0" classname="com.google.sitebricks.routing.PathMatcherTest"/>
  <testcase name="notMatchPathTemplate" time="0.0" classname="com.google.sitebricks.routing.PathMatcherTest"/>
  <testcase name="notMatchPathTemplate" time="0.0" classname="com.google.sitebricks.routing.PathMatcherTest"/>
  <testcase name="notMatchPathTemplate" time="0.0" classname="com.google.sitebricks.routing.PathMatcherTest"/>
  <testcase name="notMatchPathTemplate" time="0.0" classname="com.google.sitebricks.routing.PathMatcherTest"/>
  <testcase name="notMatchPathTemplate" time="0.0" classname="com.google.sitebricks.routing.PathMatcherTest"/>
  <testcase name="testTokenize" time="0.0020" classname="com.google.sitebricks.util.TextToolsTest"/>
  <testcase name="testTokenize" time="0.0010" classname="com.google.sitebricks.util.TextToolsTest"/>
  <testcase name="testTokenize" time="0.0" classname="com.google.sitebricks.util.TextToolsTest"/>
  <testcase name="extractInsideHeadTags" time="0.0010" classname="com.google.sitebricks.rendering.control.EmbeddedRespondExtractorTest"/>
  <testcase name="extractInsideHeadTags" time="0.0" classname="com.google.sitebricks.rendering.control.EmbeddedRespondExtractorTest"/>
  <testcase name="extractInsideHeadTags" time="0.0" classname="com.google.sitebricks.rendering.control.EmbeddedRespondExtractorTest"/>
  <testcase name="extractInsideHeadTags" time="0.0" classname="com.google.sitebricks.rendering.control.EmbeddedRespondExtractorTest"/>
  <testcase name="extractInsideHeadTags" time="0.0010" classname="com.google.sitebricks.rendering.control.EmbeddedRespondExtractorTest"/>
  <testcase name="extractInsideHeadTags" time="0.0010" classname="com.google.sitebricks.rendering.control.EmbeddedRespondExtractorTest"/>
  <testcase name="extractInsideHeadTags" time="0.0010" classname="com.google.sitebricks.rendering.control.EmbeddedRespondExtractorTest"/>
  <testcase name="hideChildren" time="0.0030" classname="com.google.sitebricks.rendering.control.ShowIfWidgetTest"/>
  <testcase name="hideChildren" time="0.0" classname="com.google.sitebricks.rendering.control.ShowIfWidgetTest"/>
  <testcase name="hideChildren" time="0.0" classname="com.google.sitebricks.rendering.control.ShowIfWidgetTest"/>
  <testcase name="hideChildren" time="0.0010" classname="com.google.sitebricks.rendering.control.ShowIfWidgetTest"/>
  <testcase name="failedPageEmbedding" time="0.0070" classname="com.google.sitebricks.rendering.control.EmbedWidgetTest"/>
  <testcase name="failedPageEmbedding" time="0.0" classname="com.google.sitebricks.rendering.control.EmbedWidgetTest"/>
  <testcase name="failedPageEmbedding" time="0.0010" classname="com.google.sitebricks.rendering.control.EmbedWidgetTest"/>
  <testcase name="failedPageEmbedding" time="0.0010" classname="com.google.sitebricks.rendering.control.EmbedWidgetTest"/>
  <testcase name="failedPageEmbedding" time="0.0010" classname="com.google.sitebricks.rendering.control.EmbedWidgetTest"/>
  <testcase name="failedPageEmbedding" time="0.0010" classname="com.google.sitebricks.rendering.control.EmbedWidgetTest"/>
  <testcase name="failedPageEmbedding" time="0.0010" classname="com.google.sitebricks.rendering.control.EmbedWidgetTest"/>
  <testcase name="failedPageEmbedding" time="0.0010" classname="com.google.sitebricks.rendering.control.EmbedWidgetTest"/>
  <testcase name="pageEmbeddingAndBinding" time="0.0010" classname="com.google.sitebricks.rendering.control.EmbedWidgetTest"/>
  <testcase name="pageEmbeddingAndBinding" time="0.0010" classname="com.google.sitebricks.rendering.control.EmbedWidgetTest"/>
  <testcase name="pageEmbeddingAndBinding" time="0.0" classname="com.google.sitebricks.rendering.control.EmbedWidgetTest"/>
  <testcase name="pageEmbeddingAndBinding" time="0.0010" classname="com.google.sitebricks.rendering.control.EmbedWidgetTest"/>
  <testcase name="pageEmbeddingAndBinding" time="0.0010" classname="com.google.sitebricks.rendering.control.EmbedWidgetTest"/>
  <testcase name="pageEmbeddingAndBinding" time="0.0020" classname="com.google.sitebricks.rendering.control.EmbedWidgetTest"/>
  <testcase name="pageEmbeddingChainsToEmbeddedWidget" time="0.0030" classname="com.google.sitebricks.rendering.control.EmbedWidgetTest"/>
  <testcase name="pageEmbeddingChainsToEmbeddedWidget" time="0.0020" classname="com.google.sitebricks.rendering.control.EmbedWidgetTest"/>
  <testcase name="pageEmbeddingChainsToEmbeddedWidget" time="0.0010" classname="com.google.sitebricks.rendering.control.EmbedWidgetTest"/>
  <testcase name="pageEmbeddingChainsToEmbeddedWidget" time="0.0010" classname="com.google.sitebricks.rendering.control.EmbedWidgetTest"/>
  <testcase name="pageEmbeddingChainsToEmbeddedWidget" time="0.0010" classname="com.google.sitebricks.rendering.control.EmbedWidgetTest"/>
  <testcase name="pageEmbeddingChainsToEmbeddedWidget" time="0.0020" classname="com.google.sitebricks.rendering.control.EmbedWidgetTest"/>
  <testcase name="pageEmbeddingChainsToEmbeddedWidgetBehavior" time="0.0010" classname="com.google.sitebricks.rendering.control.EmbedWidgetTest"/>
  <testcase name="pageEmbeddingChainsToEmbeddedWidgetBehavior" time="0.0010" classname="com.google.sitebricks.rendering.control.EmbedWidgetTest"/>
  <testcase name="pageEmbeddingChainsToEmbeddedWidgetBehavior" time="0.0010" classname="com.google.sitebricks.rendering.control.EmbedWidgetTest"/>
  <testcase name="pageEmbeddingChainsToEmbeddedWidgetBehavior" time="0.0010" classname="com.google.sitebricks.rendering.control.EmbedWidgetTest"/>
  <testcase name="pageEmbeddingChainsToEmbeddedWidgetBehavior" time="0.0010" classname="com.google.sitebricks.rendering.control.EmbedWidgetTest"/>
  <testcase name="pageEmbeddingChainsToEmbeddedWidgetBehavior" time="0.0010" classname="com.google.sitebricks.rendering.control.EmbedWidgetTest"/>
  <testcase name="pageEmbeddingChainsToEmbeddedWidgetWithArgs" time="0.0010" classname="com.google.sitebricks.rendering.control.EmbedWidgetTest"/>
  <testcase name="pageEmbeddingChainsToEmbeddedWidgetWithArgs" time="0.0" classname="com.google.sitebricks.rendering.control.EmbedWidgetTest"/>
  <testcase name="pageEmbeddingChainsToEmbeddedWidgetWithArgs" time="0.0" classname="com.google.sitebricks.rendering.control.EmbedWidgetTest"/>
  <testcase name="pageEmbeddingChainsToEmbeddedWidgetWithArgs" time="0.0" classname="com.google.sitebricks.rendering.control.EmbedWidgetTest"/>
  <testcase name="pageEmbeddingChainsToEmbeddedWidgetWithArgs" time="0.0010" classname="com.google.sitebricks.rendering.control.EmbedWidgetTest"/>
  <testcase name="pageEmbeddingChainsToEmbeddedWidgetWithArgs" time="0.0010" classname="com.google.sitebricks.rendering.control.EmbedWidgetTest"/>
  <testcase name="pageEmbeddingSupressesNormalWidgetChain" time="0.0010" classname="com.google.sitebricks.rendering.control.EmbedWidgetTest"/>
  <testcase name="pageEmbeddingSupressesNormalWidgetChain" time="0.0020" classname="com.google.sitebricks.rendering.control.EmbedWidgetTest"/>
  <testcase name="pageEmbeddingSupressesNormalWidgetChain" time="0.0010" classname="com.google.sitebricks.rendering.control.EmbedWidgetTest"/>
  <testcase name="pageEmbeddingSupressesNormalWidgetChain" time="0.0010" classname="com.google.sitebricks.rendering.control.EmbedWidgetTest"/>
  <testcase name="pageEmbeddingSupressesNormalWidgetChain" time="0.0010" classname="com.google.sitebricks.rendering.control.EmbedWidgetTest"/>
  <testcase name="pageEmbeddingSupressesNormalWidgetChain" time="0.0010" classname="com.google.sitebricks.rendering.control.EmbedWidgetTest"/>
  <testcase name="repeatNumberOfTimes" time="0.0020" classname="com.google.sitebricks.rendering.control.RepeatWidgetTest"/>
  <testcase name="repeatNumberOfTimes" time="0.0" classname="com.google.sitebricks.rendering.control.RepeatWidgetTest"/>
  <testcase name="repeatNumberOfTimes" time="0.0" classname="com.google.sitebricks.rendering.control.RepeatWidgetTest"/>
  <testcase name="repeatNumberOfTimes" time="0.0010" classname="com.google.sitebricks.rendering.control.RepeatWidgetTest"/>
  <testcase name="edsl" time="0.02" classname="com.google.sitebricks.EdslTest"/>
  <testcase name="filterParsesLineNumbersIntoAttribute" time="0.059" classname="com.google.sitebricks.compiler.XmlLineNumberParsingTest"/>
  <testcase name="determineEgressParametricType" time="0.0010" classname="com.google.sitebricks.rendering.MvelGenericsConfidenceTest"/>
  <testcase name="determineEgressParametricTypeInExprChain" time="0.0010" classname="com.google.sitebricks.rendering.MvelGenericsConfidenceTest"/>
  <testcase name="bindRequestDetectInvalid" time="0.011" classname="com.google.sitebricks.binding.MvelRequestBinderTest"/>
  <testcase name="bindRequestToCollections" time="0.0030" classname="com.google.sitebricks.binding.MvelRequestBinderTest"/>
  <testcase name="bindRequestToPrimitives" time="0.0040" classname="com.google.sitebricks.binding.MvelRequestBinderTest"/>
  <testcase name="bindRequestToPrimitivesAndIgnoreExtras" time="0.0030" classname="com.google.sitebricks.binding.MvelRequestBinderTest"/>
  <testcase name="isXmlTemplateOrNot" time="0.0010" classname="com.google.sitebricks.rendering.ParsingTest"/>
  <testcase name="isXmlTemplateOrNot" time="0.0" classname="com.google.sitebricks.rendering.ParsingTest"/>
  <testcase name="isXmlTemplateOrNot" time="0.0" classname="com.google.sitebricks.rendering.ParsingTest"/>
  <testcase name="isXmlTemplateOrNot" time="0.0010" classname="com.google.sitebricks.rendering.ParsingTest"/>
  <testcase name="isXmlTemplateOrNot" time="0.0" classname="com.google.sitebricks.rendering.ParsingTest"/>
  <testcase name="isXmlTemplateOrNot" time="0.0" classname="com.google.sitebricks.rendering.ParsingTest"/>
  <testcase name="isXmlTemplateOrNot" time="0.0010" classname="com.google.sitebricks.rendering.ParsingTest"/>
  <testcase name="isXmlTemplateOrNot" time="0.0" classname="com.google.sitebricks.rendering.ParsingTest"/>
  <testcase name="isXmlTemplateOrNot" time="0.0010" classname="com.google.sitebricks.rendering.ParsingTest"/>
  <testcase name="isXmlTemplateOrNot" time="0.0" classname="com.google.sitebricks.rendering.ParsingTest"/>
  <testcase name="isXmlTemplateOrNot" time="0.0" classname="com.google.sitebricks.rendering.ParsingTest"/>
  <testcase name="isXmlTemplateOrNot" time="0.0010" classname="com.google.sitebricks.rendering.ParsingTest"/>
  <testcase name="isXmlTemplateOrNot" time="0.0" classname="com.google.sitebricks.rendering.ParsingTest"/>
  <testcase name="isXmlTemplateOrNot" time="0.0010" classname="com.google.sitebricks.rendering.ParsingTest"/>
  <testcase name="testIsValidURI" time="0.0010" classname="com.google.sitebricks.rendering.ParsingTest"/>
  <testcase name="annotationKeyExtraction" time="0.0" classname="com.google.sitebricks.compiler.HtmlTemplateCompilerTest"/>
  <testcase name="readAWidgetWithVariousExpressions" time="0.042" classname="com.google.sitebricks.compiler.HtmlTemplateCompilerTest"/>
  <testcase name="readAWidgetWithVariousExpressions" time="0.0020" classname="com.google.sitebricks.compiler.HtmlTemplateCompilerTest"/>
  <testcase name="readAWidgetWithVariousExpressions" time="0.0030" classname="com.google.sitebricks.compiler.HtmlTemplateCompilerTest"/>
  <testcase name="readAWidgetWithVariousExpressions" time="0.0020" classname="com.google.sitebricks.compiler.HtmlTemplateCompilerTest"/>
  <testcase name="readAWidgetWithVariousExpressions" time="0.0020" classname="com.google.sitebricks.compiler.HtmlTemplateCompilerTest"/>
  <testcase name="readAWidgetWithVariousExpressions" time="0.0020" classname="com.google.sitebricks.compiler.HtmlTemplateCompilerTest"/>
  <testcase name="readAWidgetWithVariousExpressions" time="0.0030" classname="com.google.sitebricks.compiler.HtmlTemplateCompilerTest"/>
  <testcase name="readAWidgetWithVariousExpressions" time="0.0030" classname="com.google.sitebricks.compiler.HtmlTemplateCompilerTest"/>
  <testcase name="readAndRenderRequireWidget" time="0.0040" classname="com.google.sitebricks.compiler.HtmlTemplateCompilerTest"/>
  <testcase name="readEmbedWidgetAndStoreAsPage" time="0.0020" classname="com.google.sitebricks.compiler.HtmlTemplateCompilerTest"/>
  <testcase name="readEmbedWidgetOnly" time="0.0030" classname="com.google.sitebricks.compiler.HtmlTemplateCompilerTest"/>
  <testcase name="readHtmlWidget" time="0.0020" classname="com.google.sitebricks.compiler.HtmlTemplateCompilerTest"/>
  <testcase name="readHtmlWidgetWithChildren" time="0.0030" classname="com.google.sitebricks.compiler.HtmlTemplateCompilerTest"/>
  <testcase name="readShowIfWidgetFalse" time="0.0010" classname="com.google.sitebricks.compiler.HtmlTemplateCompilerTest"/>
  <testcase name="readShowIfWidgetTrue" time="0.0020" classname="com.google.sitebricks.compiler.HtmlTemplateCompilerTest"/>
  <testcase name="readTextWidgetValues" time="0.0020" classname="com.google.sitebricks.compiler.HtmlTemplateCompilerTest"/>
  <testcase name="renderHeader" time="0.0" classname="com.google.sitebricks.rendering.control.HeaderWidgetTest"/>
  <testcase name="renderHeaderWithContent" time="0.0" classname="com.google.sitebricks.rendering.control.HeaderWidgetTest"/>
  <testcase name="annotationKeyExtraction" time="0.0010" classname="com.google.sitebricks.compiler.FreemarkerTemplateCompilerTest"/>
  <testcase name="readAWidgetWithVariousExpressions" time="0.098" classname="com.google.sitebricks.compiler.FreemarkerTemplateCompilerTest"/>
  <testcase name="readAWidgetWithVariousExpressions" time="0.028" classname="com.google.sitebricks.compiler.FreemarkerTemplateCompilerTest"/>
  <testcase name="readAWidgetWithVariousExpressions" time="0.0020" classname="com.google.sitebricks.compiler.FreemarkerTemplateCompilerTest"/>
  <testcase name="readHtmlWidget" time="0.0060" classname="com.google.sitebricks.compiler.FreemarkerTemplateCompilerTest"/>
  <testcase name="readHtmlWidgetWithChildren" time="0.0010" classname="com.google.sitebricks.compiler.FreemarkerTemplateCompilerTest"/>
  <testcase name="readShowIfWidgetFalse" time="0.0020" classname="com.google.sitebricks.compiler.FreemarkerTemplateCompilerTest"/>
  <testcase name="readShowIfWidgetTrue" time="0.0010" classname="com.google.sitebricks.compiler.FreemarkerTemplateCompilerTest"/>
  <testcase name="readTextWidgetValues" time="0.0020" classname="com.google.sitebricks.compiler.FreemarkerTemplateCompilerTest"/>
  <testcase name="parameterizedLocalizeBrokenTemplate" time="0.0060" classname="com.google.sitebricks.LocalizationTest"/>
  <testcase name="parameterizedLocalizeTemplate" time="0.0020" classname="com.google.sitebricks.LocalizationTest"/>
  <testcase name="parameterizedLocalizeTemplateMultipleLocales" time="0.0020" classname="com.google.sitebricks.LocalizationTest"/>
  <testcase name="parameterizedLocalizeWrongArgAnnotation" time="0.0030" classname="com.google.sitebricks.LocalizationTest"/>
  <testcase name="parameterizedWithNoExternalBundle" time="0.0020" classname="com.google.sitebricks.LocalizationTest"/>
  <testcase name="simpleLocalize" time="0.0020" classname="com.google.sitebricks.LocalizationTest"/>
  <testcase name="simpleLocalizeMissingAnnotation" time="0.0020" classname="com.google.sitebricks.LocalizationTest"/>
  <testcase name="simpleLocalizeMissingEntry" time="0.0020" classname="com.google.sitebricks.LocalizationTest"/>
  <testcase name="simpleLocalizeWrongReturnType" time="0.0020" classname="com.google.sitebricks.LocalizationTest"/>
  <testcase name="doesPropertyExist" time="0.0020" classname="com.google.sitebricks.binding.PropertyCacheTest"/>
  <testcase name="storeRetrieveWidgets" time="0.0020" classname="com.google.sitebricks.rendering.control.WidgetRegistryTest"/>
  <testcase name="storeRetrieveWidgets" time="0.0" classname="com.google.sitebricks.rendering.control.WidgetRegistryTest"/>
  <testcase name="storeRetrieveWidgets" time="0.0" classname="com.google.sitebricks.rendering.control.WidgetRegistryTest"/>
  <testcase name="jsonReply" time="0.223" classname="com.google.sitebricks.headless.HeadlessReplyTest"/>
  <testcase name="textReply" time="0.0040" classname="com.google.sitebricks.headless.HeadlessReplyTest"/>
  <testcase name="xmlReplyWithHeaders" time="0.093" classname="com.google.sitebricks.headless.HeadlessReplyTest"/>
  <testcase name="variousHeadersAndNegotiations" time="0.0070" classname="com.google.sitebricks.http.negotiate.ExactMatchNegotiatorTest"/>
  <testcase name="variousHeadersAndNegotiations" time="0.0" classname="com.google.sitebricks.http.negotiate.ExactMatchNegotiatorTest"/>
  <testcase name="variousHeadersAndNegotiations" time="0.0020" classname="com.google.sitebricks.http.negotiate.ExactMatchNegotiatorTest"/>
  <testcase name="variousHeadersAndNegotiations" time="0.0" classname="com.google.sitebricks.http.negotiate.ExactMatchNegotiatorTest"/>
  <testcase name="variousHeadersAndNegotiations" time="0.0010" classname="com.google.sitebricks.http.negotiate.ExactMatchNegotiatorTest"/>
  <testcase name="variousHeadersAndNegotiations" time="0.0" classname="com.google.sitebricks.http.negotiate.ExactMatchNegotiatorTest"/>
  <testcase name="variousHeadersAndNegotiations" time="0.0" classname="com.google.sitebricks.http.negotiate.ExactMatchNegotiatorTest"/>
  <testcase name="variousHeadersAndNegotiations" time="0.0" classname="com.google.sitebricks.http.negotiate.ExactMatchNegotiatorTest"/>
  <testcase name="variousHeadersAndNegotiations" time="0.0" classname="com.google.sitebricks.http.negotiate.ExactMatchNegotiatorTest"/>
  <testcase name="variousHeadersAndNegotiations" time="0.0" classname="com.google.sitebricks.http.negotiate.ExactMatchNegotiatorTest"/>
  <testcase name="variousHeadersAndNegotiations" time="0.0010" classname="com.google.sitebricks.http.negotiate.ExactMatchNegotiatorTest"/>
  <testcase name="loadExplicitXmlTemplate" time="0.0010" classname="com.google.sitebricks.TemplateLoaderTest"/>
  <testcase name="loadExplicitXmlTemplate" time="0.0010" classname="com.google.sitebricks.TemplateLoaderTest"/>
  <testcase name="loadExplicitXmlTemplate" time="0.0010" classname="com.google.sitebricks.TemplateLoaderTest"/>
  <testcase name="loadExplicitXmlTemplate" time="0.0010" classname="com.google.sitebricks.TemplateLoaderTest"/>
  <testcase name="testItShouldLoadShowValueFromWebInf" time="0.0040" classname="com.google.sitebricks.TemplateLoaderTest"/>
  <testcase name="renderATemplateWithObject" time="0.0010" classname="com.google.sitebricks.rendering.control.TextWidgetTest"/>
  <testcase name="renderATemplateWithObject" time="0.0" classname="com.google.sitebricks.rendering.control.TextWidgetTest"/>
  <testcase name="renderATemplateWithObject" time="0.0010" classname="com.google.sitebricks.rendering.control.TextWidgetTest"/>
  <testcase name="renderATemplateWithObjectGraph" time="0.0010" classname="com.google.sitebricks.rendering.control.TextWidgetTest"/>
  <testcase name="renderATemplateWithObjectGraph" time="0.0010" classname="com.google.sitebricks.rendering.control.TextWidgetTest"/>
  <testcase name="renderATemplateWithObjectGraph" time="0.0" classname="com.google.sitebricks.rendering.control.TextWidgetTest"/>
  <testcase name="variousHeadersAndNegotiations" time="0.0040" classname="com.google.sitebricks.http.negotiate.WildcardNegotiatorTest"/>
  <testcase name="variousHeadersAndNegotiations" time="0.0" classname="com.google.sitebricks.http.negotiate.WildcardNegotiatorTest"/>
  <testcase name="variousHeadersAndNegotiations" time="0.0010" classname="com.google.sitebricks.http.negotiate.WildcardNegotiatorTest"/>
  <testcase name="variousHeadersAndNegotiations" time="0.0" classname="com.google.sitebricks.http.negotiate.WildcardNegotiatorTest"/>
  <testcase name="variousHeadersAndNegotiations" time="0.0010" classname="com.google.sitebricks.http.negotiate.WildcardNegotiatorTest"/>
  <testcase name="variousHeadersAndNegotiations" time="0.0" classname="com.google.sitebricks.http.negotiate.WildcardNegotiatorTest"/>
  <testcase name="variousHeadersAndNegotiations" time="0.0" classname="com.google.sitebricks.http.negotiate.WildcardNegotiatorTest"/>
  <testcase name="variousHeadersAndNegotiations" time="0.0040" classname="com.google.sitebricks.http.negotiate.WildcardNegotiatorTest"/>
  <testcase name="variousHeadersAndNegotiations" time="0.0" classname="com.google.sitebricks.http.negotiate.WildcardNegotiatorTest"/>
  <testcase name="variousHeadersAndNegotiations" time="0.0010" classname="com.google.sitebricks.http.negotiate.WildcardNegotiatorTest"/>
  <testcase name="variousHeadersAndNegotiations" time="0.0" classname="com.google.sitebricks.http.negotiate.WildcardNegotiatorTest"/>
  <testcase name="variousHeadersAndNegotiations" time="0.0" classname="com.google.sitebricks.http.negotiate.WildcardNegotiatorTest"/>
  <testcase name="variousHeadersAndNegotiations" time="0.0" classname="com.google.sitebricks.http.negotiate.WildcardNegotiatorTest"/>
  <testcase name="variousHeadersAndNegotiations" time="0.0" classname="com.google.sitebricks.http.negotiate.WildcardNegotiatorTest"/>
  <testcase name="variousHeadersAndNegotiations" time="0.0010" classname="com.google.sitebricks.http.negotiate.WildcardNegotiatorTest"/>
  <testcase name="variousHeadersAndNegotiations" time="0.0010" classname="com.google.sitebricks.http.negotiate.WildcardNegotiatorTest"/>
  <testcase name="variousHeadersAndNegotiations" time="0.0" classname="com.google.sitebricks.http.negotiate.WildcardNegotiatorTest"/>
  <testcase name="variousHeadersAndNegotiations" time="0.0010" classname="com.google.sitebricks.http.negotiate.WildcardNegotiatorTest"/>
  <testcase name="variousHeadersAndNegotiations" time="0.0" classname="com.google.sitebricks.http.negotiate.WildcardNegotiatorTest"/>
  <testcase name="variousHeadersAndNegotiations" time="0.0010" classname="com.google.sitebricks.http.negotiate.WildcardNegotiatorTest"/>
  <testcase name="variousHeadersAndNegotiations" time="0.0" classname="com.google.sitebricks.http.negotiate.WildcardNegotiatorTest"/>
  <testcase name="variousHeadersAndNegotiations" time="0.0" classname="com.google.sitebricks.http.negotiate.WildcardNegotiatorTest"/>
  <testcase name="variousHeadersAndNegotiations" time="0.0010" classname="com.google.sitebricks.http.negotiate.WildcardNegotiatorTest"/>
  <testcase name="variousHeadersAndNegotiations" time="0.0" classname="com.google.sitebricks.http.negotiate.WildcardNegotiatorTest"/>
  <testcase name="variousHeadersAndNegotiations" time="0.0010" classname="com.google.sitebricks.http.negotiate.WildcardNegotiatorTest"/>
  <testcase name="variousHeadersAndNegotiations" time="0.0010" classname="com.google.sitebricks.http.negotiate.WildcardNegotiatorTest"/>
  <testcase name="variousHeadersAndNegotiations" time="0.0" classname="com.google.sitebricks.http.negotiate.WildcardNegotiatorTest"/>
  <testcase name="variousHeadersAndNegotiations" time="0.0010" classname="com.google.sitebricks.http.negotiate.WildcardNegotiatorTest"/>
  <testcase name="variousHeadersAndNegotiations" time="0.0010" classname="com.google.sitebricks.http.negotiate.WildcardNegotiatorTest"/>
  <testcase name="variousHeadersAndNegotiations" time="0.0" classname="com.google.sitebricks.http.negotiate.WildcardNegotiatorTest"/>
  <testcase name="variousHeadersAndNegotiations" time="0.0" classname="com.google.sitebricks.http.negotiate.WildcardNegotiatorTest"/>
  <testcase name="variousHeadersAndNegotiations" time="0.0010" classname="com.google.sitebricks.http.negotiate.WildcardNegotiatorTest"/>
  <testcase name="variousHeadersAndNegotiations" time="0.0" classname="com.google.sitebricks.http.negotiate.WildcardNegotiatorTest"/>
  <testcase name="variousHeadersAndNegotiations" time="0.0010" classname="com.google.sitebricks.http.negotiate.WildcardNegotiatorTest"/>
  <testcase name="variousHeadersAndNegotiations" time="0.0" classname="com.google.sitebricks.http.negotiate.WildcardNegotiatorTest"/>
  <testcase name="variousHeadersAndNegotiations" time="0.0" classname="com.google.sitebricks.http.negotiate.WildcardNegotiatorTest"/>
  <testcase name="variousHeadersAndNegotiations" time="0.0010" classname="com.google.sitebricks.http.negotiate.WildcardNegotiatorTest"/>
  <testcase name="mimeTypeMatching" time="0.0010" classname="com.google.sitebricks.rendering.resource.MimeTypesRegexIntegrationTest"/>
  <testcase name="mimeTypeMatching" time="0.0010" classname="com.google.sitebricks.rendering.resource.MimeTypesRegexIntegrationTest"/>
  <testcase name="mimeTypeMatching" time="0.0" classname="com.google.sitebricks.rendering.resource.MimeTypesRegexIntegrationTest"/>
  <testcase name="mimeTypeMatching" time="0.0010" classname="com.google.sitebricks.rendering.resource.MimeTypesRegexIntegrationTest"/>
  <testcase name="compileEvaluatorFromExpression" time="0.0010" classname="com.google.sitebricks.rendering.EvaluatorCompilerTest"/>
  <testcase name="compileExpressionIntegerTypeMatchInDeeperObjectGraph" time="0.0" classname="com.google.sitebricks.rendering.EvaluatorCompilerTest"/>
  <testcase name="compileExpressionInvokingArbitraryMethod" time="0.0010" classname="com.google.sitebricks.rendering.EvaluatorCompilerTest"/>
  <testcase name="compileExpressionInvokingArbitraryMethodAndTestReturn" time="0.0010" classname="com.google.sitebricks.rendering.EvaluatorCompilerTest"/>
  <testcase name="compileExpressionInvokingArbitraryMethodThruInterface" time="0.0" classname="com.google.sitebricks.rendering.EvaluatorCompilerTest"/>
  <testcase name="compileExpressionInvokingArbitraryMethodThruInterfaceAndRegular" time="0.0" classname="com.google.sitebricks.rendering.EvaluatorCompilerTest"/>
  <testcase name="compileExpressionNumericTypeMatchInDeeperObjectGraph" time="0.0020" classname="com.google.sitebricks.rendering.EvaluatorCompilerTest"/>
  <testcase name="compileMethodMatchInDeeperObjectGraph" time="0.0010" classname="com.google.sitebricks.rendering.EvaluatorCompilerTest"/>
  <testcase name="determineEgressTypeParameter" time="0.0010" classname="com.google.sitebricks.rendering.EvaluatorCompilerTest"/>
  <testcase name="determineEgressTypeParameterInExpressionChain" time="0.0010" classname="com.google.sitebricks.rendering.EvaluatorCompilerTest"/>
  <testcase name="failCompileDueToNameMismatch" time="0.0" classname="com.google.sitebricks.rendering.EvaluatorCompilerTest"/>
  <testcase name="failCompileDueToNameMismatchInDeeperObjectGraph" time="0.0010" classname="com.google.sitebricks.rendering.EvaluatorCompilerTest"/>
  <testcase name="failCompileDueToNameMismatchInDeeperObjectGraph2" time="0.0010" classname="com.google.sitebricks.rendering.EvaluatorCompilerTest"/>
  <testcase name="failCompileDueToPathMismatchInDeeperObjectGraph" time="0.0010" classname="com.google.sitebricks.rendering.EvaluatorCompilerTest"/>
  <testcase name="failCompileExpressionInvokingArbitraryMethodThruInterface" time="0.0" classname="com.google.sitebricks.rendering.EvaluatorCompilerTest"/>
  <testcase name="failCompileExpressionInvokingArbitraryMethodWithWrongArgs" time="0.0" classname="com.google.sitebricks.rendering.EvaluatorCompilerTest"/>
  <testcase name="variousHeadersAndNegotiations" time="0.0010" classname="com.google.sitebricks.http.negotiate.RegexNegotiatorTest"/>
  <testcase name="variousHeadersAndNegotiations" time="0.0" classname="com.google.sitebricks.http.negotiate.RegexNegotiatorTest"/>
  <testcase name="variousHeadersAndNegotiations" time="0.0010" classname="com.google.sitebricks.http.negotiate.RegexNegotiatorTest"/>
  <testcase name="variousHeadersAndNegotiations" time="0.0" classname="com.google.sitebricks.http.negotiate.RegexNegotiatorTest"/>
  <testcase name="variousHeadersAndNegotiations" time="0.0010" classname="com.google.sitebricks.http.negotiate.RegexNegotiatorTest"/>
  <testcase name="variousHeadersAndNegotiations" time="0.0" classname="com.google.sitebricks.http.negotiate.RegexNegotiatorTest"/>
  <testcase name="variousHeadersAndNegotiations" time="0.0" classname="com.google.sitebricks.http.negotiate.RegexNegotiatorTest"/>
  <testcase name="variousHeadersAndNegotiations" time="0.0" classname="com.google.sitebricks.http.negotiate.RegexNegotiatorTest"/>
  <testcase name="variousHeadersAndNegotiations" time="0.0010" classname="com.google.sitebricks.http.negotiate.RegexNegotiatorTest"/>
  <testcase name="variousHeadersAndNegotiations" time="0.0" classname="com.google.sitebricks.http.negotiate.RegexNegotiatorTest"/>
  <testcase name="variousHeadersAndNegotiations" time="0.0010" classname="com.google.sitebricks.http.negotiate.RegexNegotiatorTest"/>
  <testcase name="variousHeadersAndNegotiations" time="0.0" classname="com.google.sitebricks.http.negotiate.RegexNegotiatorTest"/>
  <testcase name="variousHeadersAndNegotiations" time="0.0010" classname="com.google.sitebricks.http.negotiate.RegexNegotiatorTest"/>
  <testcase name="variousHeadersAndNegotiations" time="0.0" classname="com.google.sitebricks.http.negotiate.RegexNegotiatorTest"/>
  <testcase name="variousHeadersAndNegotiations" time="0.0010" classname="com.google.sitebricks.http.negotiate.RegexNegotiatorTest"/>
  <testcase name="variousHeadersAndNegotiations" time="0.0" classname="com.google.sitebricks.http.negotiate.RegexNegotiatorTest"/>
  <testcase name="variousHeadersAndNegotiations" time="0.0" classname="com.google.sitebricks.http.negotiate.RegexNegotiatorTest"/>
  <testcase name="variousHeadersAndNegotiations" time="0.0010" classname="com.google.sitebricks.http.negotiate.RegexNegotiatorTest"/>
  <testcase name="variousHeadersAndNegotiations" time="0.0" classname="com.google.sitebricks.http.negotiate.RegexNegotiatorTest"/>
  <testcase name="variousHeadersAndNegotiations" time="0.0020" classname="com.google.sitebricks.http.negotiate.RegexNegotiatorTest"/>
  <testcase name="errorOnPostMethodWithUnnamedArgs" time="0.0040" classname="com.google.sitebricks.routing.PageBookImplTest"/>
  <testcase name="fireGetMethodOnPage" time="0.0030" classname="com.google.sitebricks.routing.PageBookImplTest"/>
  <testcase name="fireGetMethodOnPageAndRedirectToURL" time="0.0010" classname="com.google.sitebricks.routing.PageBookImplTest"/>
  <testcase name="fireGetMethodOnPageToCorrectHandler" time="0.0040" classname="com.google.sitebricks.routing.PageBookImplTest"/>
  <testcase name="fireGetMethodOnPageToCorrectHandlerOnlyOnce" time="0.0040" classname="com.google.sitebricks.routing.PageBookImplTest"/>
  <testcase name="fireGetMethodOnPageToDefaultHandler" time="0.0040" classname="com.google.sitebricks.routing.PageBookImplTest"/>
  <testcase name="fireGetMethodWithArgsOnPage" time="0.0020" classname="com.google.sitebricks.routing.PageBookImplTest"/>
  <testcase name="fireGetMethodWithPrimitiveArgsOnPage" time="0.0020" classname="com.google.sitebricks.routing.PageBookImplTest"/>
  <testcase name="firePostMethodOnPage" time="0.0020" classname="com.google.sitebricks.routing.PageBookImplTest"/>
  <testcase name="firePostMethodOnPageAndRedirectToURL" time="0.0020" classname="com.google.sitebricks.routing.PageBookImplTest"/>
  <testcase name="firePostMethodOnPageToCorrectHandler" time="0.0030" classname="com.google.sitebricks.routing.PageBookImplTest"/>
  <testcase name="firePostMethodOnPageToCorrectHandlerOnlyOnce" time="0.0040" classname="com.google.sitebricks.routing.PageBookImplTest"/>
  <testcase name="firePostMethodOnPageToDefaultHandler" time="0.0040" classname="com.google.sitebricks.routing.PageBookImplTest"/>
  <testcase name="firePostMethodWithArgsOnPage" time="0.0020" classname="com.google.sitebricks.routing.PageBookImplTest"/>
  <testcase name="firstPathElement" time="0.0" classname="com.google.sitebricks.routing.PageBookImplTest"/>
  <testcase name="firstPathElement" time="0.0" classname="com.google.sitebricks.routing.PageBookImplTest"/>
  <testcase name="firstPathElement" time="0.0010" classname="com.google.sitebricks.routing.PageBookImplTest"/>
  <testcase name="firstPathElement" time="0.0" classname="com.google.sitebricks.routing.PageBookImplTest"/>
  <testcase name="firstPathElement" time="0.0" classname="com.google.sitebricks.routing.PageBookImplTest"/>
  <testcase name="firstPathElement" time="0.0010" classname="com.google.sitebricks.routing.PageBookImplTest"/>
  <testcase name="matchPageByUriTemplate" time="0.0010" classname="com.google.sitebricks.routing.PageBookImplTest"/>
  <testcase name="matchPageByUriTemplate" time="0.0010" classname="com.google.sitebricks.routing.PageBookImplTest"/>
  <testcase name="matchPageByUriTemplate" time="0.0010" classname="com.google.sitebricks.routing.PageBookImplTest"/>
  <testcase name="matchPageByUriTemplate" time="0.0010" classname="com.google.sitebricks.routing.PageBookImplTest"/>
  <testcase name="matchPageByUriTemplate" time="0.0010" classname="com.google.sitebricks.routing.PageBookImplTest"/>
  <testcase name="notMatchPageByUriTemplate" time="0.0010" classname="com.google.sitebricks.routing.PageBookImplTest"/>
  <testcase name="notMatchPageByUriTemplate" time="0.0010" classname="com.google.sitebricks.routing.PageBookImplTest"/>
  <testcase name="notMatchPageByUriTemplate" time="0.0010" classname="com.google.sitebricks.routing.PageBookImplTest"/>
  <testcase name="notMatchPageByUriTemplate" time="0.0010" classname="com.google.sitebricks.routing.PageBookImplTest"/>
  <testcase name="notMatchPageByUriTemplate" time="0.0010" classname="com.google.sitebricks.routing.PageBookImplTest"/>
  <testcase name="storeAndRetrievePageInstance" time="0.0030" classname="com.google.sitebricks.routing.PageBookImplTest"/>
  <testcase name="requireWidgetsRenderToHeadTag" time="0.0" classname="com.google.sitebricks.rendering.control.RequireWidgetTest"/>
  <testcase name="requireWidgetsRenderToHeadTag" time="0.0" classname="com.google.sitebricks.rendering.control.RequireWidgetTest"/>
  <testcase name="entities" time="0.0" classname="com.google.sitebricks.headless.ReplyEdslTest"/>
  <testcase name="replies" time="0.0" classname="com.google.sitebricks.headless.ReplyEdslTest"/>
  <testcase name="chooseWidgetSelectTagRender" time="0.0040" classname="com.google.sitebricks.rendering.control.ChooseWidgetTest"/>
  <testcase name="respondWriteNull" time="0.0" classname="com.google.sitebricks.RespondTest"/>
  <testcase name="respondWriteStringCharAndChew" time="0.0" classname="com.google.sitebricks.RespondTest"/>
</testsuite> <!-- Default test -->
